Analysis & Synthesis report for VGA
Mon Jan 07 21:19:04 2013
Quartus II 32-bit Version 12.1 Build 177 11/07/2012 SJ Web Edition


---------------------
; Table of Contents ;
---------------------
  1. Legal Notice
  2. Analysis & Synthesis Summary
  3. Analysis & Synthesis Settings
  4. Parallel Compilation
  5. Analysis & Synthesis Source Files Read
  6. Analysis & Synthesis Resource Usage Summary
  7. Analysis & Synthesis Resource Utilization by Entity
  8. User-Specified and Inferred Latches
  9. General Register Statistics
 10. Elapsed Time Per Partition
 11. Analysis & Synthesis Messages



----------------
; Legal Notice ;
----------------
Copyright (C) 1991-2012 Altera Corporation
Your use of Altera Corporation's design tools, logic functions 
and other software and tools, and its AMPP partner logic 
functions, and any output files from any of the foregoing 
(including device programming or simulation files), and any 
associated documentation or information are expressly subject 
to the terms and conditions of the Altera Program License 
Subscription Agreement, Altera MegaCore Function License 
Agreement, or other applicable license agreement, including, 
without limitation, that your use is for the sole purpose of 
programming logic devices manufactured by Altera and sold by 
Altera or its authorized distributors.  Please refer to the 
applicable agreement for further details.



+-------------------------------------------------------------------------------+
; Analysis & Synthesis Summary                                                  ;
+------------------------------------+------------------------------------------+
; Analysis & Synthesis Status        ; Successful - Mon Jan 07 21:19:04 2013    ;
; Quartus II 32-bit Version          ; 12.1 Build 177 11/07/2012 SJ Web Edition ;
; Revision Name                      ; VGA                                      ;
; Top-level Entity Name              ; de0_vga_sprite_control_pb                ;
; Family                             ; Cyclone III                              ;
; Total logic elements               ; 48                                       ;
;     Total combinational functions  ; 48                                       ;
;     Dedicated logic registers      ; 0                                        ;
; Total registers                    ; 0                                        ;
; Total pins                         ; 25                                       ;
; Total virtual pins                 ; 0                                        ;
; Total memory bits                  ; 0                                        ;
; Embedded Multiplier 9-bit elements ; 0                                        ;
; Total PLLs                         ; 0                                        ;
+------------------------------------+------------------------------------------+


+-----------------------------------------------------------------------------------------------------------------------------+
; Analysis & Synthesis Settings                                                                                               ;
+----------------------------------------------------------------------------+---------------------------+--------------------+
; Option                                                                     ; Setting                   ; Default Value      ;
+----------------------------------------------------------------------------+---------------------------+--------------------+
; Device                                                                     ; EP3C16F484C6              ;                    ;
; Top-level entity name                                                      ; de0_vga_sprite_control_pb ; VGA                ;
; Family name                                                                ; Cyclone III               ; Cyclone IV GX      ;
; Use smart compilation                                                      ; Off                       ; Off                ;
; Enable parallel Assembler and TimeQuest Timing Analyzer during compilation ; On                        ; On                 ;
; Enable compact report table                                                ; Off                       ; Off                ;
; Restructure Multiplexers                                                   ; Auto                      ; Auto               ;
; Create Debugging Nodes for IP Cores                                        ; Off                       ; Off                ;
; Preserve fewer node names                                                  ; On                        ; On                 ;
; Disable OpenCore Plus hardware evaluation                                  ; Off                       ; Off                ;
; Verilog Version                                                            ; Verilog_2001              ; Verilog_2001       ;
; VHDL Version                                                               ; VHDL_1993                 ; VHDL_1993          ;
; State Machine Processing                                                   ; Auto                      ; Auto               ;
; Safe State Machine                                                         ; Off                       ; Off                ;
; Extract Verilog State Machines                                             ; On                        ; On                 ;
; Extract VHDL State Machines                                                ; On                        ; On                 ;
; Ignore Verilog initial constructs                                          ; Off                       ; Off                ;
; Iteration limit for constant Verilog loops                                 ; 5000                      ; 5000               ;
; Iteration limit for non-constant Verilog loops                             ; 250                       ; 250                ;
; Add Pass-Through Logic to Inferred RAMs                                    ; On                        ; On                 ;
; Infer RAMs from Raw Logic                                                  ; On                        ; On                 ;
; Parallel Synthesis                                                         ; On                        ; On                 ;
; DSP Block Balancing                                                        ; Auto                      ; Auto               ;
; NOT Gate Push-Back                                                         ; On                        ; On                 ;
; Power-Up Don't Care                                                        ; On                        ; On                 ;
; Remove Redundant Logic Cells                                               ; Off                       ; Off                ;
; Remove Duplicate Registers                                                 ; On                        ; On                 ;
; Ignore CARRY Buffers                                                       ; Off                       ; Off                ;
; Ignore CASCADE Buffers                                                     ; Off                       ; Off                ;
; Ignore GLOBAL Buffers                                                      ; Off                       ; Off                ;
; Ignore ROW GLOBAL Buffers                                                  ; Off                       ; Off                ;
; Ignore LCELL Buffers                                                       ; Off                       ; Off                ;
; Ignore SOFT Buffers                                                        ; On                        ; On                 ;
; Limit AHDL Integers to 32 Bits                                             ; Off                       ; Off                ;
; Optimization Technique                                                     ; Balanced                  ; Balanced           ;
; Carry Chain Length                                                         ; 70                        ; 70                 ;
; Auto Carry Chains                                                          ; On                        ; On                 ;
; Auto Open-Drain Pins                                                       ; On                        ; On                 ;
; Perform WYSIWYG Primitive Resynthesis                                      ; Off                       ; Off                ;
; Auto ROM Replacement                                                       ; On                        ; On                 ;
; Auto RAM Replacement                                                       ; On                        ; On                 ;
; Auto DSP Block Replacement                                                 ; On                        ; On                 ;
; Auto Shift Register Replacement                                            ; Auto                      ; Auto               ;
; Allow Shift Register Merging across Hierarchies                            ; Auto                      ; Auto               ;
; Auto Clock Enable Replacement                                              ; On                        ; On                 ;
; Strict RAM Replacement                                                     ; Off                       ; Off                ;
; Allow Synchronous Control Signals                                          ; On                        ; On                 ;
; Force Use of Synchronous Clear Signals                                     ; Off                       ; Off                ;
; Auto RAM Block Balancing                                                   ; On                        ; On                 ;
; Auto RAM to Logic Cell Conversion                                          ; Off                       ; Off                ;
; Auto Resource Sharing                                                      ; Off                       ; Off                ;
; Allow Any RAM Size For Recognition                                         ; Off                       ; Off                ;
; Allow Any ROM Size For Recognition                                         ; Off                       ; Off                ;
; Allow Any Shift Register Size For Recognition                              ; Off                       ; Off                ;
; Use LogicLock Constraints during Resource Balancing                        ; On                        ; On                 ;
; Ignore translate_off and synthesis_off directives                          ; Off                       ; Off                ;
; Timing-Driven Synthesis                                                    ; On                        ; On                 ;
; Report Parameter Settings                                                  ; On                        ; On                 ;
; Report Source Assignments                                                  ; On                        ; On                 ;
; Report Connectivity Checks                                                 ; On                        ; On                 ;
; Ignore Maximum Fan-Out Assignments                                         ; Off                       ; Off                ;
; Synchronization Register Chain Length                                      ; 2                         ; 2                  ;
; PowerPlay Power Optimization                                               ; Normal compilation        ; Normal compilation ;
; HDL message level                                                          ; Level2                    ; Level2             ;
; Suppress Register Optimization Related Messages                            ; Off                       ; Off                ;
; Number of Removed Registers Reported in Synthesis Report                   ; 5000                      ; 5000               ;
; Number of Swept Nodes Reported in Synthesis Report                         ; 5000                      ; 5000               ;
; Number of Inverted Registers Reported in Synthesis Report                  ; 100                       ; 100                ;
; Clock MUX Protection                                                       ; On                        ; On                 ;
; Auto Gated Clock Conversion                                                ; Off                       ; Off                ;
; Block Design Naming                                                        ; Auto                      ; Auto               ;
; SDC constraint protection                                                  ; Off                       ; Off                ;
; Synthesis Effort                                                           ; Auto                      ; Auto               ;
; Shift Register Replacement - Allow Asynchronous Clear Signal               ; On                        ; On                 ;
; Pre-Mapping Resynthesis Optimization                                       ; Off                       ; Off                ;
; Analysis & Synthesis Message Level                                         ; Medium                    ; Medium             ;
; Disable Register Merging Across Hierarchies                                ; Auto                      ; Auto               ;
; Resource Aware Inference For Block RAM                                     ; On                        ; On                 ;
; Synthesis Seed                                                             ; 1                         ; 1                  ;
+----------------------------------------------------------------------------+---------------------------+--------------------+


+------------------------------------------+
; Parallel Compilation                     ;
+----------------------------+-------------+
; Processors                 ; Number      ;
+----------------------------+-------------+
; Number detected on machine ; 8           ;
; Maximum allowed            ; 8           ;
;                            ;             ;
; Average used               ; 1.00        ;
; Maximum used               ; 1           ;
;                            ;             ;
; Usage by Processor         ; % Time Used ;
;     1 processor            ; 100.0%      ;
;     2-8 processors         ;   0.0%      ;
+----------------------------+-------------+


+------------------------------------------------------------------------------------------------------------------------------------------+
; Analysis & Synthesis Source Files Read                                                                                                   ;
+-----------------------------------+-----------------+-----------------+--------------------------------------------------------+---------+
; File Name with User-Entered Path  ; Used in Netlist ; File Type       ; File Name with Absolute Path                           ; Library ;
+-----------------------------------+-----------------+-----------------+--------------------------------------------------------+---------+
; VGA/de0_vga_sprite_control_pb.vhd ; yes             ; User VHDL File  ; A:/GitHub/School/VGA/VGA/de0_vga_sprite_control_pb.vhd ;         ;
+-----------------------------------+-----------------+-----------------+--------------------------------------------------------+---------+


+-----------------------------------------------------+
; Analysis & Synthesis Resource Usage Summary         ;
+---------------------------------------------+-------+
; Resource                                    ; Usage ;
+---------------------------------------------+-------+
; Estimated Total logic elements              ; 48    ;
;                                             ;       ;
; Total combinational functions               ; 48    ;
; Logic element usage by number of LUT inputs ;       ;
;     -- 4 input functions                    ; 29    ;
;     -- 3 input functions                    ; 15    ;
;     -- <=2 input functions                  ; 4     ;
;                                             ;       ;
; Logic elements by mode                      ;       ;
;     -- normal mode                          ; 32    ;
;     -- arithmetic mode                      ; 16    ;
;                                             ;       ;
; Total registers                             ; 0     ;
;     -- Dedicated logic registers            ; 0     ;
;     -- I/O registers                        ; 0     ;
;                                             ;       ;
; I/O pins                                    ; 25    ;
; Embedded Multiplier 9-bit elements          ; 0     ;
; Maximum fan-out                             ; 18    ;
; Total fan-out                               ; 212   ;
; Average fan-out                             ; 2.16  ;
+---------------------------------------------+-------+


+------------------------------------------------------------------------------------------------------------------------------------------------------------------------------------+
; Analysis & Synthesis Resource Utilization by Entity                                                                                                                                ;
+----------------------------+-------------------+--------------+-------------+--------------+---------+-----------+------+--------------+----------------------------+--------------+
; Compilation Hierarchy Node ; LC Combinationals ; LC Registers ; Memory Bits ; DSP Elements ; DSP 9x9 ; DSP 18x18 ; Pins ; Virtual Pins ; Full Hierarchy Name        ; Library Name ;
+----------------------------+-------------------+--------------+-------------+--------------+---------+-----------+------+--------------+----------------------------+--------------+
; |de0_vga_sprite_control_pb ; 48 (48)           ; 0 (0)        ; 0           ; 0            ; 0       ; 0         ; 25   ; 0            ; |de0_vga_sprite_control_pb ;              ;
+----------------------------+-------------------+--------------+-------------+--------------+---------+-----------+------+--------------+----------------------------+--------------+
Note: For table entries with two numbers listed, the numbers in parentheses indicate the number of resources of the given type used by the specific entity alone. The numbers listed outside of parentheses indicate the total resources of the given type used by the specific entity and all of its sub-entities in the hierarchy.


+----------------------------------------------------------------------------------------------------+
; User-Specified and Inferred Latches                                                                ;
+-----------------------------------------------------+---------------------+------------------------+
; Latch Name                                          ; Latch Enable Signal ; Free of Timing Hazards ;
+-----------------------------------------------------+---------------------+------------------------+
; sprite_x_reg[1]                                     ; sprite_x_reg[9]     ; yes                    ;
; sprite_x_reg[2]                                     ; sprite_x_reg[9]     ; yes                    ;
; sprite_x_reg[3]                                     ; sprite_x_reg[9]     ; yes                    ;
; sprite_x_reg[4]                                     ; sprite_x_reg[9]     ; yes                    ;
; sprite_x_reg[5]                                     ; sprite_x_reg[9]     ; yes                    ;
; sprite_x_reg[6]                                     ; sprite_x_reg[9]     ; yes                    ;
; sprite_x_reg[7]                                     ; sprite_x_reg[9]     ; yes                    ;
; sprite_x_reg[8]                                     ; sprite_x_reg[9]     ; yes                    ;
; sprite_x_reg[9]                                     ; sprite_x_reg[9]     ; yes                    ;
; sprite_y_reg[1]                                     ; sprite_y_reg[9]     ; yes                    ;
; sprite_y_reg[2]                                     ; sprite_y_reg[9]     ; yes                    ;
; sprite_y_reg[3]                                     ; sprite_y_reg[9]     ; yes                    ;
; sprite_y_reg[4]                                     ; sprite_y_reg[9]     ; yes                    ;
; sprite_y_reg[5]                                     ; sprite_y_reg[9]     ; yes                    ;
; sprite_y_reg[6]                                     ; sprite_y_reg[9]     ; yes                    ;
; sprite_y_reg[7]                                     ; sprite_y_reg[9]     ; yes                    ;
; sprite_y_reg[8]                                     ; sprite_y_reg[9]     ; yes                    ;
; sprite_y_reg[9]                                     ; sprite_y_reg[9]     ; yes                    ;
; Number of user-specified and inferred latches = 18  ;                     ;                        ;
+-----------------------------------------------------+---------------------+------------------------+
Note: All latches listed above may not be present at the end of synthesis due to various synthesis optimizations.


+------------------------------------------------------+
; General Register Statistics                          ;
+----------------------------------------------+-------+
; Statistic                                    ; Value ;
+----------------------------------------------+-------+
; Total registers                              ; 0     ;
; Number of registers using Synchronous Clear  ; 0     ;
; Number of registers using Synchronous Load   ; 0     ;
; Number of registers using Asynchronous Clear ; 0     ;
; Number of registers using Asynchronous Load  ; 0     ;
; Number of registers using Clock Enable       ; 0     ;
; Number of registers using Preset             ; 0     ;
+----------------------------------------------+-------+


+-------------------------------+
; Elapsed Time Per Partition    ;
+----------------+--------------+
; Partition Name ; Elapsed Time ;
+----------------+--------------+
; Top            ; 00:00:00     ;
+----------------+--------------+


+-------------------------------+
; Analysis & Synthesis Messages ;
+-------------------------------+
Info: *******************************************************************
Info: Running Quartus II 32-bit Analysis & Synthesis
    Info: Version 12.1 Build 177 11/07/2012 SJ Web Edition
    Info: Processing started: Mon Jan 07 21:19:01 2013
Info: Command: quartus_map --read_settings_files=on --write_settings_files=off VGA -c VGA
Info (20030): Parallel compilation is enabled and will use 8 of the 8 processors detected
Info (12021): Found 2 design units, including 1 entities, in source file vga/de0_vga_sprite_control_pb.vhd
    Info (12022): Found design unit 1: de0_vga_sprite_control_pb-RTL
    Info (12023): Found entity 1: de0_vga_sprite_control_pb
Info (12021): Found 2 design units, including 1 entities, in source file vga/de0_vga_sync_generator.vhd
    Info (12022): Found design unit 1: de0_vga_controller-rtl
    Info (12023): Found entity 1: de0_vga_controller
Info (12021): Found 2 design units, including 1 entities, in source file vga/de0_debouncer.vhd
    Info (12022): Found design unit 1: de0_debouncer-RTL
    Info (12023): Found entity 1: de0_Debouncer
Info (12021): Found 2 design units, including 1 entities, in source file vga/buttondebounce.vhd
    Info (12022): Found design unit 1: buttonDebounce-RTL
    Info (12023): Found entity 1: buttonDebounce
Info (12021): Found 2 design units, including 1 entities, in source file vga/de0_vga_tb.vhd
    Info (12022): Found design unit 1: de0_vga_tb-de0_vga_tb_arch
    Info (12023): Found entity 1: de0_vga_tb
Info (12021): Found 2 design units, including 1 entities, in source file vga/de0_vga_display.vhd
    Info (12022): Found design unit 1: de0_vga_display-rtl
    Info (12023): Found entity 1: de0_vga_display
Info (12021): Found 2 design units, including 1 entities, in source file clkdiv.vhd
    Info (12022): Found design unit 1: clkdiv-SYN
    Info (12023): Found entity 1: clkdiv
Info (12021): Found 2 design units, including 1 entities, in source file sprite.vhd
    Info (12022): Found design unit 1: sprite-SYN
    Info (12023): Found entity 1: sprite
Info (12127): Elaborating entity "de0_vga_sprite_control_pb" for the top level hierarchy
Warning (10492): VHDL Process Statement warning at de0_vga_sprite_control_pb.vhd(80): signal "sprite_x_reg" is read inside the Process Statement but isn't in the Process Statement's sensitivity list
Warning (10492): VHDL Process Statement warning at de0_vga_sprite_control_pb.vhd(81): signal "sprite_x_reg" is read inside the Process Statement but isn't in the Process Statement's sensitivity list
Warning (10492): VHDL Process Statement warning at de0_vga_sprite_control_pb.vhd(84): signal "sprite_x_reg" is read inside the Process Statement but isn't in the Process Statement's sensitivity list
Warning (10492): VHDL Process Statement warning at de0_vga_sprite_control_pb.vhd(85): signal "sprite_x_reg" is read inside the Process Statement but isn't in the Process Statement's sensitivity list
Warning (10492): VHDL Process Statement warning at de0_vga_sprite_control_pb.vhd(90): signal "sprite_y_reg" is read inside the Process Statement but isn't in the Process Statement's sensitivity list
Warning (10492): VHDL Process Statement warning at de0_vga_sprite_control_pb.vhd(91): signal "sprite_y_reg" is read inside the Process Statement but isn't in the Process Statement's sensitivity list
Warning (10492): VHDL Process Statement warning at de0_vga_sprite_control_pb.vhd(94): signal "sprite_y_reg" is read inside the Process Statement but isn't in the Process Statement's sensitivity list
Warning (10492): VHDL Process Statement warning at de0_vga_sprite_control_pb.vhd(95): signal "sprite_y_reg" is read inside the Process Statement but isn't in the Process Statement's sensitivity list
Warning (10492): VHDL Process Statement warning at de0_vga_sprite_control_pb.vhd(100): signal "sprite_x_reg" is read inside the Process Statement but isn't in the Process Statement's sensitivity list
Warning (10492): VHDL Process Statement warning at de0_vga_sprite_control_pb.vhd(101): signal "sprite_y_reg" is read inside the Process Statement but isn't in the Process Statement's sensitivity list
Warning (10631): VHDL Process Statement warning at de0_vga_sprite_control_pb.vhd(73): inferring latch(es) for signal or variable "sprite_x_reg", which holds its previous value in one or more paths through the process
Warning (10631): VHDL Process Statement warning at de0_vga_sprite_control_pb.vhd(73): inferring latch(es) for signal or variable "sprite_y_reg", which holds its previous value in one or more paths through the process
Info (10041): Inferred latch for "sprite_y_reg[0]" at de0_vga_sprite_control_pb.vhd(73)
Info (10041): Inferred latch for "sprite_y_reg[1]" at de0_vga_sprite_control_pb.vhd(73)
Info (10041): Inferred latch for "sprite_y_reg[2]" at de0_vga_sprite_control_pb.vhd(73)
Info (10041): Inferred latch for "sprite_y_reg[3]" at de0_vga_sprite_control_pb.vhd(73)
Info (10041): Inferred latch for "sprite_y_reg[4]" at de0_vga_sprite_control_pb.vhd(73)
Info (10041): Inferred latch for "sprite_y_reg[5]" at de0_vga_sprite_control_pb.vhd(73)
Info (10041): Inferred latch for "sprite_y_reg[6]" at de0_vga_sprite_control_pb.vhd(73)
Info (10041): Inferred latch for "sprite_y_reg[7]" at de0_vga_sprite_control_pb.vhd(73)
Info (10041): Inferred latch for "sprite_y_reg[8]" at de0_vga_sprite_control_pb.vhd(73)
Info (10041): Inferred latch for "sprite_y_reg[9]" at de0_vga_sprite_control_pb.vhd(73)
Info (10041): Inferred latch for "sprite_x_reg[0]" at de0_vga_sprite_control_pb.vhd(73)
Info (10041): Inferred latch for "sprite_x_reg[1]" at de0_vga_sprite_control_pb.vhd(73)
Info (10041): Inferred latch for "sprite_x_reg[2]" at de0_vga_sprite_control_pb.vhd(73)
Info (10041): Inferred latch for "sprite_x_reg[3]" at de0_vga_sprite_control_pb.vhd(73)
Info (10041): Inferred latch for "sprite_x_reg[4]" at de0_vga_sprite_control_pb.vhd(73)
Info (10041): Inferred latch for "sprite_x_reg[5]" at de0_vga_sprite_control_pb.vhd(73)
Info (10041): Inferred latch for "sprite_x_reg[6]" at de0_vga_sprite_control_pb.vhd(73)
Info (10041): Inferred latch for "sprite_x_reg[7]" at de0_vga_sprite_control_pb.vhd(73)
Info (10041): Inferred latch for "sprite_x_reg[8]" at de0_vga_sprite_control_pb.vhd(73)
Info (10041): Inferred latch for "sprite_x_reg[9]" at de0_vga_sprite_control_pb.vhd(73)
Warning (13024): Output pins are stuck at VCC or GND
    Warning (13410): Pin "sprite_x[0]" is stuck at GND
    Warning (13410): Pin "sprite_y[0]" is stuck at GND
Info (286030): Timing-Driven Synthesis is running
Info (16010): Generating hard_block partition "hard_block:auto_generated_inst"
    Info (16011): Adding 0 node(s), including 0 DDIO, 0 PLL, 0 transceiver and 0 LCELL
Info (21057): Implemented 73 device resources after synthesis - the final resource count might be different
    Info (21058): Implemented 5 input pins
    Info (21059): Implemented 20 output pins
    Info (21061): Implemented 48 logic cells
Info: Quartus II 32-bit Analysis & Synthesis was successful. 0 errors, 15 warnings
    Info: Peak virtual memory: 382 megabytes
    Info: Processing ended: Mon Jan 07 21:19:04 2013
    Info: Elapsed time: 00:00:03
    Info: Total CPU time (on all processors): 00:00:03


