Flow report for de0_debounce_cnt
Mon Jan 07 21:11:08 2013
Quartus II 32-bit Version 12.1 Build 177 11/07/2012 SJ Web Edition


---------------------
; Table of Contents ;
---------------------
  1. Legal Notice
  2. Flow Summary
  3. Flow Settings
  4. Flow Non-Default Global Settings
  5. Flow Elapsed Time
  6. Flow OS Summary
  7. Flow Log



----------------
; Legal Notice ;
----------------
Copyright (C) 1991-2012 Altera Corporation
Your use of Altera Corporation's design tools, logic functions 
and other software and tools, and its AMPP partner logic 
functions, and any output files from any of the foregoing 
(including device programming or simulation files), and any 
associated documentation or information are expressly subject 
to the terms and conditions of the Altera Program License 
Subscription Agreement, Altera MegaCore Function License 
Agreement, or other applicable license agreement, including, 
without limitation, that your use is for the sole purpose of 
programming logic devices manufactured by Altera and sold by 
Altera or its authorized distributors.  Please refer to the 
applicable agreement for further details.



+-------------------------------------------------------------------------------+
; Flow Summary                                                                  ;
+------------------------------------+------------------------------------------+
; Flow Status                        ; Successful - Mon Jan 07 21:11:04 2013    ;
; Quartus II 32-bit Version          ; 12.1 Build 177 11/07/2012 SJ Web Edition ;
; Revision Name                      ; de0_debounce_cnt                         ;
; Top-level Entity Name              ; de0_debounce_cnt                         ;
; Family                             ; Cyclone III                              ;
; Device                             ; EP3C16F484C6                             ;
; Timing Models                      ; Final                                    ;
; Total logic elements               ; 84 / 15,408 ( < 1 % )                    ;
;     Total combinational functions  ; 80 / 15,408 ( < 1 % )                    ;
;     Dedicated logic registers      ; 36 / 15,408 ( < 1 % )                    ;
; Total registers                    ; 36                                       ;
; Total pins                         ; 252 / 347 ( 73 % )                       ;
; Total virtual pins                 ; 0                                        ;
; Total memory bits                  ; 0 / 516,096 ( 0 % )                      ;
; Embedded Multiplier 9-bit elements ; 0 / 112 ( 0 % )                          ;
; Total PLLs                         ; 0 / 4 ( 0 % )                            ;
+------------------------------------+------------------------------------------+


+-----------------------------------------+
; Flow Settings                           ;
+-------------------+---------------------+
; Option            ; Setting             ;
+-------------------+---------------------+
; Start date & time ; 01/07/2013 21:10:46 ;
; Main task         ; Compilation         ;
; Revision Name     ; de0_debounce_cnt    ;
+-------------------+---------------------+


+---------------------------------------------------------------------------------------------------------------------+
; Flow Non-Default Global Settings                                                                                    ;
+-------------------------------------+--------------------------------+---------------+-------------+----------------+
; Assignment Name                     ; Value                          ; Default Value ; Entity Name ; Section Id     ;
+-------------------------------------+--------------------------------+---------------+-------------+----------------+
; COMPILER_SIGNATURE_ID               ; 88263144899097.135761464609052 ; --            ; --          ; --             ;
; MAX_CORE_JUNCTION_TEMP              ; 85                             ; --            ; --          ; --             ;
; MIN_CORE_JUNCTION_TEMP              ; 0                              ; --            ; --          ; --             ;
; NOMINAL_CORE_SUPPLY_VOLTAGE         ; 1.2V                           ; --            ; --          ; --             ;
; PARTITION_COLOR                     ; 16764057                       ; --            ; --          ; Top            ;
; PARTITION_FITTER_PRESERVATION_LEVEL ; PLACEMENT_AND_ROUTING          ; --            ; --          ; Top            ;
; PARTITION_NETLIST_TYPE              ; SOURCE                         ; --            ; --          ; Top            ;
; USE_GENERATED_PHYSICAL_CONSTRAINTS  ; Off                            ; --            ; --          ; eda_blast_fpga ;
+-------------------------------------+--------------------------------+---------------+-------------+----------------+


+-------------------------------------------------------------------------------------------------------------------------------+
; Flow Elapsed Time                                                                                                             ;
+---------------------------+--------------+-------------------------+---------------------+------------------------------------+
; Module Name               ; Elapsed Time ; Average Processors Used ; Peak Virtual Memory ; Total CPU Time (on all processors) ;
+---------------------------+--------------+-------------------------+---------------------+------------------------------------+
; Analysis & Synthesis      ; 00:00:02     ; 1.0                     ; 370 MB              ; 00:00:02                           ;
; Fitter                    ; 00:00:12     ; 1.8                     ; 544 MB              ; 00:00:14                           ;
; Assembler                 ; 00:00:01     ; 1.0                     ; 349 MB              ; 00:00:02                           ;
; TimeQuest Timing Analyzer ; 00:00:03     ; 1.0                     ; 392 MB              ; 00:00:03                           ;
; Total                     ; 00:00:18     ; --                      ; --                  ; 00:00:21                           ;
+---------------------------+--------------+-------------------------+---------------------+------------------------------------+


+----------------------------------------------------------------------------------------+
; Flow OS Summary                                                                        ;
+---------------------------+------------------+-----------+------------+----------------+
; Module Name               ; Machine Hostname ; OS Name   ; OS Version ; Processor type ;
+---------------------------+------------------+-----------+------------+----------------+
; Analysis & Synthesis      ; CASEY-DSK-7      ; Windows 7 ; 6.1        ; x86_64         ;
; Fitter                    ; CASEY-DSK-7      ; Windows 7 ; 6.1        ; x86_64         ;
; Assembler                 ; CASEY-DSK-7      ; Windows 7 ; 6.1        ; x86_64         ;
; TimeQuest Timing Analyzer ; CASEY-DSK-7      ; Windows 7 ; 6.1        ; x86_64         ;
+---------------------------+------------------+-----------+------------+----------------+


------------
; Flow Log ;
------------
quartus_map --read_settings_files=on --write_settings_files=off de0_debounce_cnt -c de0_debounce_cnt
quartus_fit --read_settings_files=off --write_settings_files=off de0_debounce_cnt -c de0_debounce_cnt
quartus_asm --read_settings_files=off --write_settings_files=off de0_debounce_cnt -c de0_debounce_cnt
quartus_sta de0_debounce_cnt -c de0_debounce_cnt



