Analysis & Synthesis report for de0_debounce_cnt
Mon Jan 07 21:10:48 2013
Quartus II 32-bit Version 12.1 Build 177 11/07/2012 SJ Web Edition


---------------------
; Table of Contents ;
---------------------
  1. Legal Notice
  2. Analysis & Synthesis Summary
  3. Analysis & Synthesis Settings
  4. Parallel Compilation
  5. Analysis & Synthesis Source Files Read
  6. Analysis & Synthesis Resource Usage Summary
  7. Analysis & Synthesis Resource Utilization by Entity
  8. General Register Statistics
  9. Multiplexer Restructuring Statistics (Restructuring Performed)
 10. Parameter Settings for User Entity Instance: button_debouncer:button_debouncer_inst0
 11. Parameter Settings for User Entity Instance: button_debouncer:button_debouncer_inst1
 12. Parameter Settings for User Entity Instance: button_debouncer:button_debouncer_inst2
 13. Port Connectivity Checks: "SEG7_LUT:SEG3"
 14. Port Connectivity Checks: "SEG7_LUT:SEG2"
 15. Port Connectivity Checks: "SEG7_LUT:SEG1"
 16. Port Connectivity Checks: "SEG7_LUT:SEG0"
 17. Port Connectivity Checks: "button_debouncer:button_debouncer_inst2"
 18. Port Connectivity Checks: "button_debouncer:button_debouncer_inst1"
 19. Port Connectivity Checks: "button_debouncer:button_debouncer_inst0"
 20. Elapsed Time Per Partition
 21. Analysis & Synthesis Messages



----------------
; Legal Notice ;
----------------
Copyright (C) 1991-2012 Altera Corporation
Your use of Altera Corporation's design tools, logic functions 
and other software and tools, and its AMPP partner logic 
functions, and any output files from any of the foregoing 
(including device programming or simulation files), and any 
associated documentation or information are expressly subject 
to the terms and conditions of the Altera Program License 
Subscription Agreement, Altera MegaCore Function License 
Agreement, or other applicable license agreement, including, 
without limitation, that your use is for the sole purpose of 
programming logic devices manufactured by Altera and sold by 
Altera or its authorized distributors.  Please refer to the 
applicable agreement for further details.



+-------------------------------------------------------------------------------+
; Analysis & Synthesis Summary                                                  ;
+------------------------------------+------------------------------------------+
; Analysis & Synthesis Status        ; Successful - Mon Jan 07 21:10:48 2013    ;
; Quartus II 32-bit Version          ; 12.1 Build 177 11/07/2012 SJ Web Edition ;
; Revision Name                      ; de0_debounce_cnt                         ;
; Top-level Entity Name              ; de0_debounce_cnt                         ;
; Family                             ; Cyclone III                              ;
; Total logic elements               ; 86                                       ;
;     Total combinational functions  ; 80                                       ;
;     Dedicated logic registers      ; 36                                       ;
; Total registers                    ; 36                                       ;
; Total pins                         ; 252                                      ;
; Total virtual pins                 ; 0                                        ;
; Total memory bits                  ; 0                                        ;
; Embedded Multiplier 9-bit elements ; 0                                        ;
; Total PLLs                         ; 0                                        ;
+------------------------------------+------------------------------------------+


+----------------------------------------------------------------------------------------------------------------------+
; Analysis & Synthesis Settings                                                                                        ;
+----------------------------------------------------------------------------+--------------------+--------------------+
; Option                                                                     ; Setting            ; Default Value      ;
+----------------------------------------------------------------------------+--------------------+--------------------+
; Device                                                                     ; EP3C16F484C6       ;                    ;
; Top-level entity name                                                      ; de0_debounce_cnt   ; de0_debounce_cnt   ;
; Family name                                                                ; Cyclone III        ; Cyclone IV GX      ;
; Use smart compilation                                                      ; Off                ; Off                ;
; Enable parallel Assembler and TimeQuest Timing Analyzer during compilation ; On                 ; On                 ;
; Enable compact report table                                                ; Off                ; Off                ;
; Restructure Multiplexers                                                   ; Auto               ; Auto               ;
; Create Debugging Nodes for IP Cores                                        ; Off                ; Off                ;
; Preserve fewer node names                                                  ; On                 ; On                 ;
; Disable OpenCore Plus hardware evaluation                                  ; Off                ; Off                ;
; Verilog Version                                                            ; Verilog_2001       ; Verilog_2001       ;
; VHDL Version                                                               ; VHDL_1993          ; VHDL_1993          ;
; State Machine Processing                                                   ; Auto               ; Auto               ;
; Safe State Machine                                                         ; Off                ; Off                ;
; Extract Verilog State Machines                                             ; On                 ; On                 ;
; Extract VHDL State Machines                                                ; On                 ; On                 ;
; Ignore Verilog initial constructs                                          ; Off                ; Off                ;
; Iteration limit for constant Verilog loops                                 ; 5000               ; 5000               ;
; Iteration limit for non-constant Verilog loops                             ; 250                ; 250                ;
; Add Pass-Through Logic to Inferred RAMs                                    ; On                 ; On                 ;
; Infer RAMs from Raw Logic                                                  ; On                 ; On                 ;
; Parallel Synthesis                                                         ; On                 ; On                 ;
; DSP Block Balancing                                                        ; Auto               ; Auto               ;
; NOT Gate Push-Back                                                         ; On                 ; On                 ;
; Power-Up Don't Care                                                        ; On                 ; On                 ;
; Remove Redundant Logic Cells                                               ; Off                ; Off                ;
; Remove Duplicate Registers                                                 ; On                 ; On                 ;
; Ignore CARRY Buffers                                                       ; Off                ; Off                ;
; Ignore CASCADE Buffers                                                     ; Off                ; Off                ;
; Ignore GLOBAL Buffers                                                      ; Off                ; Off                ;
; Ignore ROW GLOBAL Buffers                                                  ; Off                ; Off                ;
; Ignore LCELL Buffers                                                       ; Off                ; Off                ;
; Ignore SOFT Buffers                                                        ; On                 ; On                 ;
; Limit AHDL Integers to 32 Bits                                             ; Off                ; Off                ;
; Optimization Technique                                                     ; Balanced           ; Balanced           ;
; Carry Chain Length                                                         ; 70                 ; 70                 ;
; Auto Carry Chains                                                          ; On                 ; On                 ;
; Auto Open-Drain Pins                                                       ; On                 ; On                 ;
; Perform WYSIWYG Primitive Resynthesis                                      ; Off                ; Off                ;
; Auto ROM Replacement                                                       ; On                 ; On                 ;
; Auto RAM Replacement                                                       ; On                 ; On                 ;
; Auto DSP Block Replacement                                                 ; On                 ; On                 ;
; Auto Shift Register Replacement                                            ; Auto               ; Auto               ;
; Allow Shift Register Merging across Hierarchies                            ; Auto               ; Auto               ;
; Auto Clock Enable Replacement                                              ; On                 ; On                 ;
; Strict RAM Replacement                                                     ; Off                ; Off                ;
; Allow Synchronous Control Signals                                          ; On                 ; On                 ;
; Force Use of Synchronous Clear Signals                                     ; Off                ; Off                ;
; Auto RAM Block Balancing                                                   ; On                 ; On                 ;
; Auto RAM to Logic Cell Conversion                                          ; Off                ; Off                ;
; Auto Resource Sharing                                                      ; Off                ; Off                ;
; Allow Any RAM Size For Recognition                                         ; Off                ; Off                ;
; Allow Any ROM Size For Recognition                                         ; Off                ; Off                ;
; Allow Any Shift Register Size For Recognition                              ; Off                ; Off                ;
; Use LogicLock Constraints during Resource Balancing                        ; On                 ; On                 ;
; Ignore translate_off and synthesis_off directives                          ; Off                ; Off                ;
; Timing-Driven Synthesis                                                    ; On                 ; On                 ;
; Report Parameter Settings                                                  ; On                 ; On                 ;
; Report Source Assignments                                                  ; On                 ; On                 ;
; Report Connectivity Checks                                                 ; On                 ; On                 ;
; Ignore Maximum Fan-Out Assignments                                         ; Off                ; Off                ;
; Synchronization Register Chain Length                                      ; 2                  ; 2                  ;
; PowerPlay Power Optimization                                               ; Normal compilation ; Normal compilation ;
; HDL message level                                                          ; Level2             ; Level2             ;
; Suppress Register Optimization Related Messages                            ; Off                ; Off                ;
; Number of Removed Registers Reported in Synthesis Report                   ; 5000               ; 5000               ;
; Number of Swept Nodes Reported in Synthesis Report                         ; 5000               ; 5000               ;
; Number of Inverted Registers Reported in Synthesis Report                  ; 100                ; 100                ;
; Clock MUX Protection                                                       ; On                 ; On                 ;
; Auto Gated Clock Conversion                                                ; Off                ; Off                ;
; Block Design Naming                                                        ; Auto               ; Auto               ;
; SDC constraint protection                                                  ; Off                ; Off                ;
; Synthesis Effort                                                           ; Auto               ; Auto               ;
; Shift Register Replacement - Allow Asynchronous Clear Signal               ; On                 ; On                 ;
; Pre-Mapping Resynthesis Optimization                                       ; Off                ; Off                ;
; Analysis & Synthesis Message Level                                         ; Medium             ; Medium             ;
; Disable Register Merging Across Hierarchies                                ; Auto               ; Auto               ;
; Resource Aware Inference For Block RAM                                     ; On                 ; On                 ;
; Synthesis Seed                                                             ; 1                  ; 1                  ;
+----------------------------------------------------------------------------+--------------------+--------------------+


+------------------------------------------+
; Parallel Compilation                     ;
+----------------------------+-------------+
; Processors                 ; Number      ;
+----------------------------+-------------+
; Number detected on machine ; 8           ;
; Maximum allowed            ; 8           ;
;                            ;             ;
; Average used               ; 1.00        ;
; Maximum used               ; 1           ;
;                            ;             ;
; Usage by Processor         ; % Time Used ;
;     1 processor            ; 100.0%      ;
;     2-8 processors         ;   0.0%      ;
+----------------------------+-------------+


+----------------------------------------------------------------------------------------------------------------------------------------------+
; Analysis & Synthesis Source Files Read                                                                                                       ;
+----------------------------------+-----------------+------------------------+------------------------------------------------------+---------+
; File Name with User-Entered Path ; Used in Netlist ; File Type              ; File Name with Absolute Path                         ; Library ;
+----------------------------------+-----------------+------------------------+------------------------------------------------------+---------+
; de0_debounce_cnt.v               ; yes             ; User Verilog HDL File  ; A:/GitHub/School/de0_debounce_cnt/de0_debounce_cnt.v ;         ;
; button_debouncer.v               ; yes             ; User Verilog HDL File  ; A:/GitHub/School/de0_debounce_cnt/button_debouncer.v ;         ;
; SEG7_LUT.v                       ; yes             ; User Verilog HDL File  ; A:/GitHub/School/de0_debounce_cnt/SEG7_LUT.v         ;         ;
+----------------------------------+-----------------+------------------------+------------------------------------------------------+---------+


+-----------------------------------------------------+
; Analysis & Synthesis Resource Usage Summary         ;
+---------------------------------------------+-------+
; Resource                                    ; Usage ;
+---------------------------------------------+-------+
; Estimated Total logic elements              ; 86    ;
;                                             ;       ;
; Total combinational functions               ; 80    ;
; Logic element usage by number of LUT inputs ;       ;
;     -- 4 input functions                    ; 50    ;
;     -- 3 input functions                    ; 5     ;
;     -- <=2 input functions                  ; 25    ;
;                                             ;       ;
; Logic elements by mode                      ;       ;
;     -- normal mode                          ; 60    ;
;     -- arithmetic mode                      ; 20    ;
;                                             ;       ;
; Total registers                             ; 36    ;
;     -- Dedicated logic registers            ; 36    ;
;     -- I/O registers                        ; 0     ;
;                                             ;       ;
; I/O pins                                    ; 252   ;
; Embedded Multiplier 9-bit elements          ; 0     ;
; Maximum fan-out                             ; 36    ;
; Total fan-out                               ; 726   ;
; Average fan-out                             ; 0.99  ;
+---------------------------------------------+-------+


+-------------------------------------------------------------------------------------------------------------------------------------------------------------------------------------------------------------------------------------+
; Analysis & Synthesis Resource Utilization by Entity                                                                                                                                                                                 ;
+----------------------------------------------+-------------------+--------------+-------------+--------------+---------+-----------+------+--------------+-----------------------------------------------------------+--------------+
; Compilation Hierarchy Node                   ; LC Combinationals ; LC Registers ; Memory Bits ; DSP Elements ; DSP 9x9 ; DSP 18x18 ; Pins ; Virtual Pins ; Full Hierarchy Name                                       ; Library Name ;
+----------------------------------------------+-------------------+--------------+-------------+--------------+---------+-----------+------+--------------+-----------------------------------------------------------+--------------+
; |de0_debounce_cnt                            ; 80 (22)           ; 36 (10)      ; 0           ; 0            ; 0       ; 0         ; 252  ; 0            ; |de0_debounce_cnt                                         ;              ;
;    |SEG7_LUT:SEG0|                           ; 7 (7)             ; 0 (0)        ; 0           ; 0            ; 0       ; 0         ; 0    ; 0            ; |de0_debounce_cnt|SEG7_LUT:SEG0                           ;              ;
;    |SEG7_LUT:SEG1|                           ; 7 (7)             ; 0 (0)        ; 0           ; 0            ; 0       ; 0         ; 0    ; 0            ; |de0_debounce_cnt|SEG7_LUT:SEG1                           ;              ;
;    |button_debouncer:button_debouncer_inst0| ; 44 (44)           ; 26 (26)      ; 0           ; 0            ; 0       ; 0         ; 0    ; 0            ; |de0_debounce_cnt|button_debouncer:button_debouncer_inst0 ;              ;
+----------------------------------------------+-------------------+--------------+-------------+--------------+---------+-----------+------+--------------+-----------------------------------------------------------+--------------+
Note: For table entries with two numbers listed, the numbers in parentheses indicate the number of resources of the given type used by the specific entity alone. The numbers listed outside of parentheses indicate the total resources of the given type used by the specific entity and all of its sub-entities in the hierarchy.


+------------------------------------------------------+
; General Register Statistics                          ;
+----------------------------------------------+-------+
; Statistic                                    ; Value ;
+----------------------------------------------+-------+
; Total registers                              ; 36    ;
; Number of registers using Synchronous Clear  ; 0     ;
; Number of registers using Synchronous Load   ; 1     ;
; Number of registers using Asynchronous Clear ; 8     ;
; Number of registers using Asynchronous Load  ; 0     ;
; Number of registers using Clock Enable       ; 3     ;
; Number of registers using Preset             ; 0     ;
+----------------------------------------------+-------+


+-------------------------------------------------------------------------------------------------------------------------------------------+
; Multiplexer Restructuring Statistics (Restructuring Performed)                                                                            ;
+--------------------+-----------+---------------+----------------------+------------------------+------------+-----------------------------+
; Multiplexer Inputs ; Bus Width ; Baseline Area ; Area if Restructured ; Saving if Restructured ; Registered ; Example Multiplexer Output  ;
+--------------------+-----------+---------------+----------------------+------------------------+------------+-----------------------------+
; 5:1                ; 3 bits    ; 9 LEs         ; 3 LEs                ; 6 LEs                  ; Yes        ; |de0_debounce_cnt|iDIG_1[3] ;
; 6:1                ; 3 bits    ; 12 LEs        ; 6 LEs                ; 6 LEs                  ; Yes        ; |de0_debounce_cnt|iDIG_0[3] ;
+--------------------+-----------+---------------+----------------------+------------------------+------------+-----------------------------+


+--------------------------------------------------------------------------------------+
; Parameter Settings for User Entity Instance: button_debouncer:button_debouncer_inst0 ;
+----------------+--------+------------------------------------------------------------+
; Parameter Name ; Value  ; Type                                                       ;
+----------------+--------+------------------------------------------------------------+
; preset_val     ; 0      ; Signed Integer                                             ;
; counter_max    ; 100000 ; Signed Integer                                             ;
+----------------+--------+------------------------------------------------------------+
Note: In order to hide this table in the UI and the text report file, please set the "Show Parameter Settings in Synthesis Report" option in "Analysis and Synthesis Settings -> More Settings" to "Off".


+--------------------------------------------------------------------------------------+
; Parameter Settings for User Entity Instance: button_debouncer:button_debouncer_inst1 ;
+----------------+--------+------------------------------------------------------------+
; Parameter Name ; Value  ; Type                                                       ;
+----------------+--------+------------------------------------------------------------+
; preset_val     ; 0      ; Signed Integer                                             ;
; counter_max    ; 100000 ; Signed Integer                                             ;
+----------------+--------+------------------------------------------------------------+
Note: In order to hide this table in the UI and the text report file, please set the "Show Parameter Settings in Synthesis Report" option in "Analysis and Synthesis Settings -> More Settings" to "Off".


+--------------------------------------------------------------------------------------+
; Parameter Settings for User Entity Instance: button_debouncer:button_debouncer_inst2 ;
+----------------+--------+------------------------------------------------------------+
; Parameter Name ; Value  ; Type                                                       ;
+----------------+--------+------------------------------------------------------------+
; preset_val     ; 0      ; Signed Integer                                             ;
; counter_max    ; 100000 ; Signed Integer                                             ;
+----------------+--------+------------------------------------------------------------+
Note: In order to hide this table in the UI and the text report file, please set the "Show Parameter Settings in Synthesis Report" option in "Analysis and Synthesis Settings -> More Settings" to "Off".


+------------------------------------------------------+
; Port Connectivity Checks: "SEG7_LUT:SEG3"            ;
+---------+--------+----------+------------------------+
; Port    ; Type   ; Severity ; Details                ;
+---------+--------+----------+------------------------+
; oSEG_DP ; Output ; Info     ; Explicitly unconnected ;
; iDIG    ; Input  ; Info     ; Stuck at GND           ;
+---------+--------+----------+------------------------+


+------------------------------------------------------+
; Port Connectivity Checks: "SEG7_LUT:SEG2"            ;
+---------+--------+----------+------------------------+
; Port    ; Type   ; Severity ; Details                ;
+---------+--------+----------+------------------------+
; oSEG_DP ; Output ; Info     ; Explicitly unconnected ;
; iDIG    ; Input  ; Info     ; Stuck at GND           ;
+---------+--------+----------+------------------------+


+------------------------------------------------------+
; Port Connectivity Checks: "SEG7_LUT:SEG1"            ;
+---------+--------+----------+------------------------+
; Port    ; Type   ; Severity ; Details                ;
+---------+--------+----------+------------------------+
; oSEG_DP ; Output ; Info     ; Explicitly unconnected ;
+---------+--------+----------+------------------------+


+------------------------------------------------------+
; Port Connectivity Checks: "SEG7_LUT:SEG0"            ;
+---------+--------+----------+------------------------+
; Port    ; Type   ; Severity ; Details                ;
+---------+--------+----------+------------------------+
; oSEG_DP ; Output ; Info     ; Explicitly unconnected ;
+---------+--------+----------+------------------------+


+--------------------------------------------------------------------------------------------------------------------+
; Port Connectivity Checks: "button_debouncer:button_debouncer_inst2"                                                ;
+----------+--------+----------+-------------------------------------------------------------------------------------+
; Port     ; Type   ; Severity ; Details                                                                             ;
+----------+--------+----------+-------------------------------------------------------------------------------------+
; rst_n    ; Input  ; Info     ; Stuck at VCC                                                                        ;
; data_out ; Output ; Info     ; Connected to dangling logic. Logic that only feeds a dangling port will be removed. ;
+----------+--------+----------+-------------------------------------------------------------------------------------+


+--------------------------------------------------------------------------------------------------------------------+
; Port Connectivity Checks: "button_debouncer:button_debouncer_inst1"                                                ;
+----------+--------+----------+-------------------------------------------------------------------------------------+
; Port     ; Type   ; Severity ; Details                                                                             ;
+----------+--------+----------+-------------------------------------------------------------------------------------+
; rst_n    ; Input  ; Info     ; Stuck at VCC                                                                        ;
; data_out ; Output ; Info     ; Connected to dangling logic. Logic that only feeds a dangling port will be removed. ;
+----------+--------+----------+-------------------------------------------------------------------------------------+


+---------------------------------------------------------------------+
; Port Connectivity Checks: "button_debouncer:button_debouncer_inst0" ;
+-------+-------+----------+------------------------------------------+
; Port  ; Type  ; Severity ; Details                                  ;
+-------+-------+----------+------------------------------------------+
; rst_n ; Input ; Info     ; Stuck at VCC                             ;
+-------+-------+----------+------------------------------------------+


+-------------------------------+
; Elapsed Time Per Partition    ;
+----------------+--------------+
; Partition Name ; Elapsed Time ;
+----------------+--------------+
; Top            ; 00:00:00     ;
+----------------+--------------+


+-------------------------------+
; Analysis & Synthesis Messages ;
+-------------------------------+
Info: *******************************************************************
Info: Running Quartus II 32-bit Analysis & Synthesis
    Info: Version 12.1 Build 177 11/07/2012 SJ Web Edition
    Info: Processing started: Mon Jan 07 21:10:45 2013
Info: Command: quartus_map --read_settings_files=on --write_settings_files=off de0_debounce_cnt -c de0_debounce_cnt
Info (20030): Parallel compilation is enabled and will use 8 of the 8 processors detected
Info (12021): Found 1 design units, including 1 entities, in source file de0_debounce_cnt.v
    Info (12023): Found entity 1: de0_debounce_cnt
Info (12021): Found 1 design units, including 1 entities, in source file button_debouncer.v
    Info (12023): Found entity 1: button_debouncer
Info (12021): Found 1 design units, including 1 entities, in source file seg7_lut.v
    Info (12023): Found entity 1: SEG7_LUT
Info (12127): Elaborating entity "de0_debounce_cnt" for the top level hierarchy
Warning (10230): Verilog HDL assignment warning at de0_debounce_cnt.v(279): truncated value with size 32 to match size of target (1)
Warning (10230): Verilog HDL assignment warning at de0_debounce_cnt.v(280): truncated value with size 32 to match size of target (1)
Warning (10034): Output port "LEDG" at de0_debounce_cnt.v(140) has no driver
Warning (10034): Output port "DRAM_ADDR" at de0_debounce_cnt.v(148) has no driver
Warning (10034): Output port "FL_ADDR" at de0_debounce_cnt.v(162) has no driver
Warning (10034): Output port "VGA_R" at de0_debounce_cnt.v(190) has no driver
Warning (10034): Output port "VGA_G" at de0_debounce_cnt.v(191) has no driver
Warning (10034): Output port "VGA_B" at de0_debounce_cnt.v(192) has no driver
Warning (10034): Output port "GPIO0_CLKOUT" at de0_debounce_cnt.v(195) has no driver
Warning (10034): Output port "GPIO1_CLKOUT" at de0_debounce_cnt.v(198) has no driver
Warning (10034): Output port "HEX0_DP" at de0_debounce_cnt.v(132) has no driver
Warning (10034): Output port "HEX1_DP" at de0_debounce_cnt.v(134) has no driver
Warning (10034): Output port "HEX2_DP" at de0_debounce_cnt.v(136) has no driver
Warning (10034): Output port "HEX3_DP" at de0_debounce_cnt.v(138) has no driver
Warning (10034): Output port "UART_TXD" at de0_debounce_cnt.v(142) has no driver
Warning (10034): Output port "UART_CTS" at de0_debounce_cnt.v(144) has no driver
Warning (10034): Output port "DRAM_LDQM" at de0_debounce_cnt.v(149) has no driver
Warning (10034): Output port "DRAM_UDQM" at de0_debounce_cnt.v(150) has no driver
Warning (10034): Output port "DRAM_WE_N" at de0_debounce_cnt.v(151) has no driver
Warning (10034): Output port "DRAM_CAS_N" at de0_debounce_cnt.v(152) has no driver
Warning (10034): Output port "DRAM_RAS_N" at de0_debounce_cnt.v(153) has no driver
Warning (10034): Output port "DRAM_CS_N" at de0_debounce_cnt.v(154) has no driver
Warning (10034): Output port "DRAM_BA_0" at de0_debounce_cnt.v(155) has no driver
Warning (10034): Output port "DRAM_BA_1" at de0_debounce_cnt.v(156) has no driver
Warning (10034): Output port "DRAM_CLK" at de0_debounce_cnt.v(157) has no driver
Warning (10034): Output port "DRAM_CKE" at de0_debounce_cnt.v(158) has no driver
Warning (10034): Output port "FL_WE_N" at de0_debounce_cnt.v(163) has no driver
Warning (10034): Output port "FL_RST_N" at de0_debounce_cnt.v(164) has no driver
Warning (10034): Output port "FL_OE_N" at de0_debounce_cnt.v(165) has no driver
Warning (10034): Output port "FL_CE_N" at de0_debounce_cnt.v(166) has no driver
Warning (10034): Output port "FL_WP_N" at de0_debounce_cnt.v(167) has no driver
Warning (10034): Output port "FL_BYTE_N" at de0_debounce_cnt.v(168) has no driver
Warning (10034): Output port "LCD_BLON" at de0_debounce_cnt.v(172) has no driver
Warning (10034): Output port "LCD_RW" at de0_debounce_cnt.v(173) has no driver
Warning (10034): Output port "LCD_EN" at de0_debounce_cnt.v(174) has no driver
Warning (10034): Output port "LCD_RS" at de0_debounce_cnt.v(175) has no driver
Warning (10034): Output port "SD_CLK" at de0_debounce_cnt.v(180) has no driver
Warning (10034): Output port "VGA_HS" at de0_debounce_cnt.v(188) has no driver
Warning (10034): Output port "VGA_VS" at de0_debounce_cnt.v(189) has no driver
Info (12128): Elaborating entity "button_debouncer" for hierarchy "button_debouncer:button_debouncer_inst0"
Warning (10230): Verilog HDL assignment warning at button_debouncer.v(78): truncated value with size 32 to match size of target (1)
Warning (10230): Verilog HDL assignment warning at button_debouncer.v(79): truncated value with size 32 to match size of target (21)
Warning (10230): Verilog HDL assignment warning at button_debouncer.v(88): truncated value with size 32 to match size of target (21)
Warning (10230): Verilog HDL assignment warning at button_debouncer.v(90): truncated value with size 32 to match size of target (21)
Info (12128): Elaborating entity "SEG7_LUT" for hierarchy "SEG7_LUT:SEG0"
Warning (13039): The following bidir pins have no drivers
    Warning (13040): Bidir "DRAM_DQ[0]" has no driver
    Warning (13040): Bidir "DRAM_DQ[1]" has no driver
    Warning (13040): Bidir "DRAM_DQ[2]" has no driver
    Warning (13040): Bidir "DRAM_DQ[3]" has no driver
    Warning (13040): Bidir "DRAM_DQ[4]" has no driver
    Warning (13040): Bidir "DRAM_DQ[5]" has no driver
    Warning (13040): Bidir "DRAM_DQ[6]" has no driver
    Warning (13040): Bidir "DRAM_DQ[7]" has no driver
    Warning (13040): Bidir "DRAM_DQ[8]" has no driver
    Warning (13040): Bidir "DRAM_DQ[9]" has no driver
    Warning (13040): Bidir "DRAM_DQ[10]" has no driver
    Warning (13040): Bidir "DRAM_DQ[11]" has no driver
    Warning (13040): Bidir "DRAM_DQ[12]" has no driver
    Warning (13040): Bidir "DRAM_DQ[13]" has no driver
    Warning (13040): Bidir "DRAM_DQ[14]" has no driver
    Warning (13040): Bidir "DRAM_DQ[15]" has no driver
    Warning (13040): Bidir "FL_DQ[0]" has no driver
    Warning (13040): Bidir "FL_DQ[1]" has no driver
    Warning (13040): Bidir "FL_DQ[2]" has no driver
    Warning (13040): Bidir "FL_DQ[3]" has no driver
    Warning (13040): Bidir "FL_DQ[4]" has no driver
    Warning (13040): Bidir "FL_DQ[5]" has no driver
    Warning (13040): Bidir "FL_DQ[6]" has no driver
    Warning (13040): Bidir "FL_DQ[7]" has no driver
    Warning (13040): Bidir "FL_DQ[8]" has no driver
    Warning (13040): Bidir "FL_DQ[9]" has no driver
    Warning (13040): Bidir "FL_DQ[10]" has no driver
    Warning (13040): Bidir "FL_DQ[11]" has no driver
    Warning (13040): Bidir "FL_DQ[12]" has no driver
    Warning (13040): Bidir "FL_DQ[13]" has no driver
    Warning (13040): Bidir "FL_DQ[14]" has no driver
    Warning (13040): Bidir "FL_DQ15_AM1" has no driver
    Warning (13040): Bidir "LCD_DATA[0]" has no driver
    Warning (13040): Bidir "LCD_DATA[1]" has no driver
    Warning (13040): Bidir "LCD_DATA[2]" has no driver
    Warning (13040): Bidir "LCD_DATA[3]" has no driver
    Warning (13040): Bidir "LCD_DATA[4]" has no driver
    Warning (13040): Bidir "LCD_DATA[5]" has no driver
    Warning (13040): Bidir "LCD_DATA[6]" has no driver
    Warning (13040): Bidir "LCD_DATA[7]" has no driver
    Warning (13040): Bidir "SD_DAT0" has no driver
    Warning (13040): Bidir "SD_DAT3" has no driver
    Warning (13040): Bidir "SD_CMD" has no driver
    Warning (13040): Bidir "PS2_KBDAT" has no driver
    Warning (13040): Bidir "PS2_KBCLK" has no driver
    Warning (13040): Bidir "PS2_MSDAT" has no driver
    Warning (13040): Bidir "PS2_MSCLK" has no driver
    Warning (13040): Bidir "GPIO0_D[0]" has no driver
    Warning (13040): Bidir "GPIO0_D[1]" has no driver
    Warning (13040): Bidir "GPIO0_D[2]" has no driver
    Warning (13040): Bidir "GPIO0_D[3]" has no driver
    Warning (13040): Bidir "GPIO0_D[4]" has no driver
    Warning (13040): Bidir "GPIO0_D[5]" has no driver
    Warning (13040): Bidir "GPIO0_D[6]" has no driver
    Warning (13040): Bidir "GPIO0_D[7]" has no driver
    Warning (13040): Bidir "GPIO0_D[8]" has no driver
    Warning (13040): Bidir "GPIO0_D[9]" has no driver
    Warning (13040): Bidir "GPIO0_D[10]" has no driver
    Warning (13040): Bidir "GPIO0_D[11]" has no driver
    Warning (13040): Bidir "GPIO0_D[12]" has no driver
    Warning (13040): Bidir "GPIO0_D[13]" has no driver
    Warning (13040): Bidir "GPIO0_D[14]" has no driver
    Warning (13040): Bidir "GPIO0_D[15]" has no driver
    Warning (13040): Bidir "GPIO0_D[16]" has no driver
    Warning (13040): Bidir "GPIO0_D[17]" has no driver
    Warning (13040): Bidir "GPIO0_D[18]" has no driver
    Warning (13040): Bidir "GPIO0_D[19]" has no driver
    Warning (13040): Bidir "GPIO0_D[20]" has no driver
    Warning (13040): Bidir "GPIO0_D[21]" has no driver
    Warning (13040): Bidir "GPIO0_D[22]" has no driver
    Warning (13040): Bidir "GPIO0_D[23]" has no driver
    Warning (13040): Bidir "GPIO0_D[24]" has no driver
    Warning (13040): Bidir "GPIO0_D[25]" has no driver
    Warning (13040): Bidir "GPIO0_D[26]" has no driver
    Warning (13040): Bidir "GPIO0_D[27]" has no driver
    Warning (13040): Bidir "GPIO0_D[28]" has no driver
    Warning (13040): Bidir "GPIO0_D[29]" has no driver
    Warning (13040): Bidir "GPIO0_D[30]" has no driver
    Warning (13040): Bidir "GPIO0_D[31]" has no driver
    Warning (13040): Bidir "GPIO1_D[0]" has no driver
    Warning (13040): Bidir "GPIO1_D[1]" has no driver
    Warning (13040): Bidir "GPIO1_D[2]" has no driver
    Warning (13040): Bidir "GPIO1_D[3]" has no driver
    Warning (13040): Bidir "GPIO1_D[4]" has no driver
    Warning (13040): Bidir "GPIO1_D[5]" has no driver
    Warning (13040): Bidir "GPIO1_D[6]" has no driver
    Warning (13040): Bidir "GPIO1_D[7]" has no driver
    Warning (13040): Bidir "GPIO1_D[8]" has no driver
    Warning (13040): Bidir "GPIO1_D[9]" has no driver
    Warning (13040): Bidir "GPIO1_D[10]" has no driver
    Warning (13040): Bidir "GPIO1_D[11]" has no driver
    Warning (13040): Bidir "GPIO1_D[12]" has no driver
    Warning (13040): Bidir "GPIO1_D[13]" has no driver
    Warning (13040): Bidir "GPIO1_D[14]" has no driver
    Warning (13040): Bidir "GPIO1_D[15]" has no driver
    Warning (13040): Bidir "GPIO1_D[16]" has no driver
    Warning (13040): Bidir "GPIO1_D[17]" has no driver
    Warning (13040): Bidir "GPIO1_D[18]" has no driver
    Warning (13040): Bidir "GPIO1_D[19]" has no driver
    Warning (13040): Bidir "GPIO1_D[20]" has no driver
    Warning (13040): Bidir "GPIO1_D[21]" has no driver
    Warning (13040): Bidir "GPIO1_D[22]" has no driver
    Warning (13040): Bidir "GPIO1_D[23]" has no driver
    Warning (13040): Bidir "GPIO1_D[24]" has no driver
    Warning (13040): Bidir "GPIO1_D[25]" has no driver
    Warning (13040): Bidir "GPIO1_D[26]" has no driver
    Warning (13040): Bidir "GPIO1_D[27]" has no driver
    Warning (13040): Bidir "GPIO1_D[28]" has no driver
    Warning (13040): Bidir "GPIO1_D[29]" has no driver
    Warning (13040): Bidir "GPIO1_D[30]" has no driver
    Warning (13040): Bidir "GPIO1_D[31]" has no driver
Warning (13024): Output pins are stuck at VCC or GND
    Warning (13410): Pin "HEX0_DP" is stuck at GND
    Warning (13410): Pin "HEX1_DP" is stuck at GND
    Warning (13410): Pin "HEX2_D[0]" is stuck at GND
    Warning (13410): Pin "HEX2_D[1]" is stuck at GND
    Warning (13410): Pin "HEX2_D[2]" is stuck at GND
    Warning (13410): Pin "HEX2_D[3]" is stuck at GND
    Warning (13410): Pin "HEX2_D[4]" is stuck at GND
    Warning (13410): Pin "HEX2_D[5]" is stuck at GND
    Warning (13410): Pin "HEX2_D[6]" is stuck at VCC
    Warning (13410): Pin "HEX2_DP" is stuck at GND
    Warning (13410): Pin "HEX3_D[0]" is stuck at GND
    Warning (13410): Pin "HEX3_D[1]" is stuck at GND
    Warning (13410): Pin "HEX3_D[2]" is stuck at GND
    Warning (13410): Pin "HEX3_D[3]" is stuck at GND
    Warning (13410): Pin "HEX3_D[4]" is stuck at GND
    Warning (13410): Pin "HEX3_D[5]" is stuck at GND
    Warning (13410): Pin "HEX3_D[6]" is stuck at VCC
    Warning (13410): Pin "HEX3_DP" is stuck at GND
    Warning (13410): Pin "LEDG[0]" is stuck at GND
    Warning (13410): Pin "LEDG[1]" is stuck at GND
    Warning (13410): Pin "LEDG[2]" is stuck at GND
    Warning (13410): Pin "LEDG[3]" is stuck at GND
    Warning (13410): Pin "LEDG[4]" is stuck at GND
    Warning (13410): Pin "LEDG[5]" is stuck at GND
    Warning (13410): Pin "LEDG[6]" is stuck at GND
    Warning (13410): Pin "LEDG[7]" is stuck at GND
    Warning (13410): Pin "LEDG[8]" is stuck at GND
    Warning (13410): Pin "LEDG[9]" is stuck at GND
    Warning (13410): Pin "UART_TXD" is stuck at GND
    Warning (13410): Pin "UART_CTS" is stuck at GND
    Warning (13410): Pin "DRAM_ADDR[0]" is stuck at GND
    Warning (13410): Pin "DRAM_ADDR[1]" is stuck at GND
    Warning (13410): Pin "DRAM_ADDR[2]" is stuck at GND
    Warning (13410): Pin "DRAM_ADDR[3]" is stuck at GND
    Warning (13410): Pin "DRAM_ADDR[4]" is stuck at GND
    Warning (13410): Pin "DRAM_ADDR[5]" is stuck at GND
    Warning (13410): Pin "DRAM_ADDR[6]" is stuck at GND
    Warning (13410): Pin "DRAM_ADDR[7]" is stuck at GND
    Warning (13410): Pin "DRAM_ADDR[8]" is stuck at GND
    Warning (13410): Pin "DRAM_ADDR[9]" is stuck at GND
    Warning (13410): Pin "DRAM_ADDR[10]" is stuck at GND
    Warning (13410): Pin "DRAM_ADDR[11]" is stuck at GND
    Warning (13410): Pin "DRAM_ADDR[12]" is stuck at GND
    Warning (13410): Pin "DRAM_LDQM" is stuck at GND
    Warning (13410): Pin "DRAM_UDQM" is stuck at GND
    Warning (13410): Pin "DRAM_WE_N" is stuck at GND
    Warning (13410): Pin "DRAM_CAS_N" is stuck at GND
    Warning (13410): Pin "DRAM_RAS_N" is stuck at GND
    Warning (13410): Pin "DRAM_CS_N" is stuck at GND
    Warning (13410): Pin "DRAM_BA_0" is stuck at GND
    Warning (13410): Pin "DRAM_BA_1" is stuck at GND
    Warning (13410): Pin "DRAM_CLK" is stuck at GND
    Warning (13410): Pin "DRAM_CKE" is stuck at GND
    Warning (13410): Pin "FL_ADDR[0]" is stuck at GND
    Warning (13410): Pin "FL_ADDR[1]" is stuck at GND
    Warning (13410): Pin "FL_ADDR[2]" is stuck at GND
    Warning (13410): Pin "FL_ADDR[3]" is stuck at GND
    Warning (13410): Pin "FL_ADDR[4]" is stuck at GND
    Warning (13410): Pin "FL_ADDR[5]" is stuck at GND
    Warning (13410): Pin "FL_ADDR[6]" is stuck at GND
    Warning (13410): Pin "FL_ADDR[7]" is stuck at GND
    Warning (13410): Pin "FL_ADDR[8]" is stuck at GND
    Warning (13410): Pin "FL_ADDR[9]" is stuck at GND
    Warning (13410): Pin "FL_ADDR[10]" is stuck at GND
    Warning (13410): Pin "FL_ADDR[11]" is stuck at GND
    Warning (13410): Pin "FL_ADDR[12]" is stuck at GND
    Warning (13410): Pin "FL_ADDR[13]" is stuck at GND
    Warning (13410): Pin "FL_ADDR[14]" is stuck at GND
    Warning (13410): Pin "FL_ADDR[15]" is stuck at GND
    Warning (13410): Pin "FL_ADDR[16]" is stuck at GND
    Warning (13410): Pin "FL_ADDR[17]" is stuck at GND
    Warning (13410): Pin "FL_ADDR[18]" is stuck at GND
    Warning (13410): Pin "FL_ADDR[19]" is stuck at GND
    Warning (13410): Pin "FL_ADDR[20]" is stuck at GND
    Warning (13410): Pin "FL_ADDR[21]" is stuck at GND
    Warning (13410): Pin "FL_WE_N" is stuck at GND
    Warning (13410): Pin "FL_RST_N" is stuck at GND
    Warning (13410): Pin "FL_OE_N" is stuck at GND
    Warning (13410): Pin "FL_CE_N" is stuck at GND
    Warning (13410): Pin "FL_WP_N" is stuck at GND
    Warning (13410): Pin "FL_BYTE_N" is stuck at GND
    Warning (13410): Pin "LCD_BLON" is stuck at GND
    Warning (13410): Pin "LCD_RW" is stuck at GND
    Warning (13410): Pin "LCD_EN" is stuck at GND
    Warning (13410): Pin "LCD_RS" is stuck at GND
    Warning (13410): Pin "SD_CLK" is stuck at GND
    Warning (13410): Pin "VGA_HS" is stuck at GND
    Warning (13410): Pin "VGA_VS" is stuck at GND
    Warning (13410): Pin "VGA_R[0]" is stuck at GND
    Warning (13410): Pin "VGA_R[1]" is stuck at GND
    Warning (13410): Pin "VGA_R[2]" is stuck at GND
    Warning (13410): Pin "VGA_R[3]" is stuck at GND
    Warning (13410): Pin "VGA_G[0]" is stuck at GND
    Warning (13410): Pin "VGA_G[1]" is stuck at GND
    Warning (13410): Pin "VGA_G[2]" is stuck at GND
    Warning (13410): Pin "VGA_G[3]" is stuck at GND
    Warning (13410): Pin "VGA_B[0]" is stuck at GND
    Warning (13410): Pin "VGA_B[1]" is stuck at GND
    Warning (13410): Pin "VGA_B[2]" is stuck at GND
    Warning (13410): Pin "VGA_B[3]" is stuck at GND
    Warning (13410): Pin "GPIO0_CLKOUT[0]" is stuck at GND
    Warning (13410): Pin "GPIO0_CLKOUT[1]" is stuck at GND
    Warning (13410): Pin "GPIO1_CLKOUT[0]" is stuck at GND
    Warning (13410): Pin "GPIO1_CLKOUT[1]" is stuck at GND
Info (286030): Timing-Driven Synthesis is running
Info (16010): Generating hard_block partition "hard_block:auto_generated_inst"
    Info (16011): Adding 0 node(s), including 0 DDIO, 0 PLL, 0 transceiver and 0 LCELL
Warning (21074): Design contains 19 input pin(s) that do not drive logic
    Warning (15610): No output dependent on input pin "CLOCK_50_2"
    Warning (15610): No output dependent on input pin "SW[0]"
    Warning (15610): No output dependent on input pin "SW[1]"
    Warning (15610): No output dependent on input pin "SW[2]"
    Warning (15610): No output dependent on input pin "SW[3]"
    Warning (15610): No output dependent on input pin "SW[4]"
    Warning (15610): No output dependent on input pin "SW[5]"
    Warning (15610): No output dependent on input pin "SW[6]"
    Warning (15610): No output dependent on input pin "SW[7]"
    Warning (15610): No output dependent on input pin "SW[8]"
    Warning (15610): No output dependent on input pin "SW[9]"
    Warning (15610): No output dependent on input pin "UART_RXD"
    Warning (15610): No output dependent on input pin "UART_RTS"
    Warning (15610): No output dependent on input pin "FL_RY"
    Warning (15610): No output dependent on input pin "SD_WP_N"
    Warning (15610): No output dependent on input pin "GPIO0_CLKIN[0]"
    Warning (15610): No output dependent on input pin "GPIO0_CLKIN[1]"
    Warning (15610): No output dependent on input pin "GPIO1_CLKIN[0]"
    Warning (15610): No output dependent on input pin "GPIO1_CLKIN[1]"
Info (21057): Implemented 338 device resources after synthesis - the final resource count might be different
    Info (21058): Implemented 23 input pins
    Info (21059): Implemented 118 output pins
    Info (21060): Implemented 111 bidirectional pins
    Info (21061): Implemented 86 logic cells
Info: Quartus II 32-bit Analysis & Synthesis was successful. 0 errors, 280 warnings
    Info: Peak virtual memory: 370 megabytes
    Info: Processing ended: Mon Jan 07 21:10:48 2013
    Info: Elapsed time: 00:00:03
    Info: Total CPU time (on all processors): 00:00:02


