Flow report for NIOSTUT
Tue Jan 22 14:31:16 2013
Quartus II 64-Bit Version 12.1 Build 177 11/07/2012 SJ Web Edition


---------------------
; Table of Contents ;
---------------------
  1. Legal Notice
  2. Flow Summary
  3. Flow Settings
  4. Flow Non-Default Global Settings
  5. Flow Elapsed Time
  6. Flow OS Summary
  7. Flow Log



----------------
; Legal Notice ;
----------------
Copyright (C) 1991-2012 Altera Corporation
Your use of Altera Corporation's design tools, logic functions 
and other software and tools, and its AMPP partner logic 
functions, and any output files from any of the foregoing 
(including device programming or simulation files), and any 
associated documentation or information are expressly subject 
to the terms and conditions of the Altera Program License 
Subscription Agreement, Altera MegaCore Function License 
Agreement, or other applicable license agreement, including, 
without limitation, that your use is for the sole purpose of 
programming logic devices manufactured by Altera and sold by 
Altera or its authorized distributors.  Please refer to the 
applicable agreement for further details.



+-------------------------------------------------------------------------------+
; Flow Summary                                                                  ;
+------------------------------------+------------------------------------------+
; Flow Status                        ; Successful - Tue Jan 22 14:31:16 2013    ;
; Quartus II 64-Bit Version          ; 12.1 Build 177 11/07/2012 SJ Web Edition ;
; Revision Name                      ; NIOSTUT                                  ;
; Top-level Entity Name              ; NIOSTUT                                  ;
; Family                             ; Cyclone III                              ;
; Device                             ; EP3C16F484C6                             ;
; Timing Models                      ; Final                                    ;
; Total logic elements               ; 1,537 / 15,408 ( 10 % )                  ;
;     Total combinational functions  ; 1,448 / 15,408 ( 9 % )                   ;
;     Dedicated logic registers      ; 815 / 15,408 ( 5 % )                     ;
; Total registers                    ; 815                                      ;
; Total pins                         ; 18 / 347 ( 5 % )                         ;
; Total virtual pins                 ; 0                                        ;
; Total memory bits                  ; 44,032 / 516,096 ( 9 % )                 ;
; Embedded Multiplier 9-bit elements ; 0 / 112 ( 0 % )                          ;
; Total PLLs                         ; 0 / 4 ( 0 % )                            ;
+------------------------------------+------------------------------------------+


+-----------------------------------------+
; Flow Settings                           ;
+-------------------+---------------------+
; Option            ; Setting             ;
+-------------------+---------------------+
; Start date & time ; 01/22/2013 14:30:31 ;
; Main task         ; Compilation         ;
; Revision Name     ; NIOSTUT             ;
+-------------------+---------------------+


+------------------------------------------------------------------------------------------------------------------------------------------------------------------------+
; Flow Non-Default Global Settings                                                                                                                                       ;
+-------------------------------------+---------------------------------------------------------------+---------------+---------------------------------+----------------+
; Assignment Name                     ; Value                                                         ; Default Value ; Entity Name                     ; Section Id     ;
+-------------------------------------+---------------------------------------------------------------+---------------+---------------------------------+----------------+
; COMPILER_SIGNATURE_ID               ; 2543711158273.135888663106400                                 ; --            ; --                              ; --             ;
; EDA_OUTPUT_DATA_FORMAT              ; Vhdl                                                          ; --            ; --                              ; eda_simulation ;
; EDA_SIMULATION_TOOL                 ; ModelSim-Altera (VHDL)                                        ; <None>        ; --                              ; --             ;
; IP_TOOL_ENV                         ; qsys                                                          ; --            ; altera_avalon_sc_fifo           ; --             ;
; IP_TOOL_ENV                         ; qsys                                                          ; --            ; altera_merlin_master_agent      ; --             ;
; IP_TOOL_ENV                         ; qsys                                                          ; --            ; altera_merlin_master_translator ; --             ;
; IP_TOOL_ENV                         ; qsys                                                          ; --            ; altera_merlin_slave_agent       ; --             ;
; IP_TOOL_ENV                         ; qsys                                                          ; --            ; altera_merlin_slave_translator  ; --             ;
; IP_TOOL_ENV                         ; qsys                                                          ; --            ; altera_reset_controller         ; --             ;
; IP_TOOL_ENV                         ; qsys                                                          ; --            ; nios_system                     ; --             ;
; IP_TOOL_ENV                         ; qsys                                                          ; --            ; nios_system_addr_router         ; --             ;
; IP_TOOL_ENV                         ; qsys                                                          ; --            ; nios_system_addr_router_001     ; --             ;
; IP_TOOL_ENV                         ; qsys                                                          ; --            ; nios_system_cmd_xbar_demux      ; --             ;
; IP_TOOL_ENV                         ; qsys                                                          ; --            ; nios_system_cmd_xbar_demux_001  ; --             ;
; IP_TOOL_ENV                         ; qsys                                                          ; --            ; nios_system_cmd_xbar_mux        ; --             ;
; IP_TOOL_ENV                         ; qsys                                                          ; --            ; nios_system_id_router           ; --             ;
; IP_TOOL_ENV                         ; qsys                                                          ; --            ; nios_system_id_router_002       ; --             ;
; IP_TOOL_ENV                         ; qsys                                                          ; --            ; nios_system_irq_mapper          ; --             ;
; IP_TOOL_ENV                         ; qsys                                                          ; --            ; nios_system_jtag_uart           ; --             ;
; IP_TOOL_ENV                         ; qsys                                                          ; --            ; nios_system_leds                ; --             ;
; IP_TOOL_ENV                         ; qsys                                                          ; --            ; nios_system_nios2_processor     ; --             ;
; IP_TOOL_ENV                         ; qsys                                                          ; --            ; nios_system_onchip_memory       ; --             ;
; IP_TOOL_ENV                         ; qsys                                                          ; --            ; nios_system_rsp_xbar_demux_002  ; --             ;
; IP_TOOL_ENV                         ; qsys                                                          ; --            ; nios_system_rsp_xbar_mux        ; --             ;
; IP_TOOL_ENV                         ; qsys                                                          ; --            ; nios_system_rsp_xbar_mux_001    ; --             ;
; IP_TOOL_ENV                         ; qsys                                                          ; --            ; nios_system_switches            ; --             ;
; IP_TOOL_NAME                        ; altera_avalon_sc_fifo                                         ; --            ; altera_avalon_sc_fifo           ; --             ;
; IP_TOOL_NAME                        ; altera_merlin_master_agent                                    ; --            ; altera_merlin_master_agent      ; --             ;
; IP_TOOL_NAME                        ; altera_merlin_master_translator                               ; --            ; altera_merlin_master_translator ; --             ;
; IP_TOOL_NAME                        ; altera_merlin_slave_agent                                     ; --            ; altera_merlin_slave_agent       ; --             ;
; IP_TOOL_NAME                        ; altera_merlin_slave_translator                                ; --            ; altera_merlin_slave_translator  ; --             ;
; IP_TOOL_NAME                        ; altera_reset_controller                                       ; --            ; altera_reset_controller         ; --             ;
; IP_TOOL_NAME                        ; qsys                                                          ; --            ; nios_system                     ; --             ;
; IP_TOOL_NAME                        ; altera_merlin_router                                          ; --            ; nios_system_addr_router         ; --             ;
; IP_TOOL_NAME                        ; altera_merlin_router                                          ; --            ; nios_system_addr_router_001     ; --             ;
; IP_TOOL_NAME                        ; altera_merlin_demultiplexer                                   ; --            ; nios_system_cmd_xbar_demux      ; --             ;
; IP_TOOL_NAME                        ; altera_merlin_demultiplexer                                   ; --            ; nios_system_cmd_xbar_demux_001  ; --             ;
; IP_TOOL_NAME                        ; altera_merlin_multiplexer                                     ; --            ; nios_system_cmd_xbar_mux        ; --             ;
; IP_TOOL_NAME                        ; altera_merlin_router                                          ; --            ; nios_system_id_router           ; --             ;
; IP_TOOL_NAME                        ; altera_merlin_router                                          ; --            ; nios_system_id_router_002       ; --             ;
; IP_TOOL_NAME                        ; altera_irq_mapper                                             ; --            ; nios_system_irq_mapper          ; --             ;
; IP_TOOL_NAME                        ; altera_avalon_jtag_uart                                       ; --            ; nios_system_jtag_uart           ; --             ;
; IP_TOOL_NAME                        ; altera_avalon_pio                                             ; --            ; nios_system_leds                ; --             ;
; IP_TOOL_NAME                        ; altera_nios2_qsys                                             ; --            ; nios_system_nios2_processor     ; --             ;
; IP_TOOL_NAME                        ; altera_avalon_onchip_memory2                                  ; --            ; nios_system_onchip_memory       ; --             ;
; IP_TOOL_NAME                        ; altera_merlin_demultiplexer                                   ; --            ; nios_system_rsp_xbar_demux_002  ; --             ;
; IP_TOOL_NAME                        ; altera_merlin_multiplexer                                     ; --            ; nios_system_rsp_xbar_mux        ; --             ;
; IP_TOOL_NAME                        ; altera_merlin_multiplexer                                     ; --            ; nios_system_rsp_xbar_mux_001    ; --             ;
; IP_TOOL_NAME                        ; altera_avalon_pio                                             ; --            ; nios_system_switches            ; --             ;
; IP_TOOL_VERSION                     ; 12.1                                                          ; --            ; altera_avalon_sc_fifo           ; --             ;
; IP_TOOL_VERSION                     ; 12.1                                                          ; --            ; altera_merlin_master_agent      ; --             ;
; IP_TOOL_VERSION                     ; 12.1                                                          ; --            ; altera_merlin_master_translator ; --             ;
; IP_TOOL_VERSION                     ; 12.1                                                          ; --            ; altera_merlin_slave_agent       ; --             ;
; IP_TOOL_VERSION                     ; 12.1                                                          ; --            ; altera_merlin_slave_translator  ; --             ;
; IP_TOOL_VERSION                     ; 12.1                                                          ; --            ; altera_reset_controller         ; --             ;
; IP_TOOL_VERSION                     ; 12.1                                                          ; --            ; nios_system                     ; --             ;
; IP_TOOL_VERSION                     ; 12.1                                                          ; --            ; nios_system_addr_router         ; --             ;
; IP_TOOL_VERSION                     ; 12.1                                                          ; --            ; nios_system_addr_router_001     ; --             ;
; IP_TOOL_VERSION                     ; 12.1                                                          ; --            ; nios_system_cmd_xbar_demux      ; --             ;
; IP_TOOL_VERSION                     ; 12.1                                                          ; --            ; nios_system_cmd_xbar_demux_001  ; --             ;
; IP_TOOL_VERSION                     ; 12.1                                                          ; --            ; nios_system_cmd_xbar_mux        ; --             ;
; IP_TOOL_VERSION                     ; 12.1                                                          ; --            ; nios_system_id_router           ; --             ;
; IP_TOOL_VERSION                     ; 12.1                                                          ; --            ; nios_system_id_router_002       ; --             ;
; IP_TOOL_VERSION                     ; 12.1                                                          ; --            ; nios_system_irq_mapper          ; --             ;
; IP_TOOL_VERSION                     ; 12.1                                                          ; --            ; nios_system_jtag_uart           ; --             ;
; IP_TOOL_VERSION                     ; 12.1                                                          ; --            ; nios_system_leds                ; --             ;
; IP_TOOL_VERSION                     ; 12.1                                                          ; --            ; nios_system_nios2_processor     ; --             ;
; IP_TOOL_VERSION                     ; 12.1                                                          ; --            ; nios_system_onchip_memory       ; --             ;
; IP_TOOL_VERSION                     ; 12.1                                                          ; --            ; nios_system_rsp_xbar_demux_002  ; --             ;
; IP_TOOL_VERSION                     ; 12.1                                                          ; --            ; nios_system_rsp_xbar_mux        ; --             ;
; IP_TOOL_VERSION                     ; 12.1                                                          ; --            ; nios_system_rsp_xbar_mux_001    ; --             ;
; IP_TOOL_VERSION                     ; 12.1                                                          ; --            ; nios_system_switches            ; --             ;
; MAX_CORE_JUNCTION_TEMP              ; 85                                                            ; --            ; --                              ; --             ;
; MIN_CORE_JUNCTION_TEMP              ; 0                                                             ; --            ; --                              ; --             ;
; MISC_FILE                           ; nios_system/synthesis/../../nios_system.cmp                   ; --            ; --                              ; --             ;
; MISC_FILE                           ; nios_system/synthesis/../../nios_system.qsys                  ; --            ; --                              ; --             ;
; PARTITION_COLOR                     ; 16764057                                                      ; --            ; niostut                         ; Top            ;
; PARTITION_FITTER_PRESERVATION_LEVEL ; PLACEMENT_AND_ROUTING                                         ; --            ; niostut                         ; Top            ;
; PARTITION_NETLIST_TYPE              ; SOURCE                                                        ; --            ; niostut                         ; Top            ;
; POWER_BOARD_THERMAL_MODEL           ; None (CONSERVATIVE)                                           ; --            ; --                              ; --             ;
; POWER_PRESET_COOLING_SOLUTION       ; 23 MM HEAT SINK WITH 200 LFPM AIRFLOW                         ; --            ; --                              ; --             ;
; PROJECT_OUTPUT_DIRECTORY            ; output_files                                                  ; --            ; --                              ; --             ;
; SLD_INFO                            ; QSYS_NAME nios_system HAS_SOPCINFO 1 GENERATION_ID 1358886595 ; --            ; nios_system                     ; --             ;
; SOPCINFO_FILE                       ; nios_system/synthesis/../../nios_system.sopcinfo              ; --            ; --                              ; --             ;
; SYNTHESIS_ONLY_QIP                  ; On                                                            ; --            ; --                              ; --             ;
+-------------------------------------+---------------------------------------------------------------+---------------+---------------------------------+----------------+


+-------------------------------------------------------------------------------------------------------------------------------+
; Flow Elapsed Time                                                                                                             ;
+---------------------------+--------------+-------------------------+---------------------+------------------------------------+
; Module Name               ; Elapsed Time ; Average Processors Used ; Peak Virtual Memory ; Total CPU Time (on all processors) ;
+---------------------------+--------------+-------------------------+---------------------+------------------------------------+
; Analysis & Synthesis      ; 00:00:16     ; 1.0                     ; 575 MB              ; 00:00:14                           ;
; Fitter                    ; 00:00:15     ; 1.1                     ; 692 MB              ; 00:00:17                           ;
; Assembler                 ; 00:00:02     ; 1.0                     ; 445 MB              ; 00:00:02                           ;
; TimeQuest Timing Analyzer ; 00:00:03     ; 1.0                     ; 506 MB              ; 00:00:03                           ;
; EDA Netlist Writer        ; 00:00:04     ; 1.0                     ; 431 MB              ; 00:00:03                           ;
; Total                     ; 00:00:40     ; --                      ; --                  ; 00:00:39                           ;
+---------------------------+--------------+-------------------------+---------------------+------------------------------------+


+----------------------------------------------------------------------------------------+
; Flow OS Summary                                                                        ;
+---------------------------+------------------+-----------+------------+----------------+
; Module Name               ; Machine Hostname ; OS Name   ; OS Version ; Processor type ;
+---------------------------+------------------+-----------+------------+----------------+
; Analysis & Synthesis      ; CASEY-NTBK       ; Windows 7 ; 6.2        ; x86_64         ;
; Fitter                    ; CASEY-NTBK       ; Windows 7 ; 6.2        ; x86_64         ;
; Assembler                 ; CASEY-NTBK       ; Windows 7 ; 6.2        ; x86_64         ;
; TimeQuest Timing Analyzer ; CASEY-NTBK       ; Windows 7 ; 6.2        ; x86_64         ;
; EDA Netlist Writer        ; CASEY-NTBK       ; Windows 7 ; 6.2        ; x86_64         ;
+---------------------------+------------------+-----------+------------+----------------+


------------
; Flow Log ;
------------
quartus_map --read_settings_files=on --write_settings_files=off NIOSTUT -c NIOSTUT
quartus_fit --read_settings_files=off --write_settings_files=off NIOSTUT -c NIOSTUT
quartus_asm --read_settings_files=off --write_settings_files=off NIOSTUT -c NIOSTUT
quartus_sta NIOSTUT -c NIOSTUT
quartus_eda --read_settings_files=off --write_settings_files=off NIOSTUT -c NIOSTUT



