Analysis & Synthesis report for de0_debounce
Mon Jan 07 21:00:00 2013
Quartus II 64-Bit Version 12.1 Build 177 11/07/2012 SJ Web Edition


---------------------
; Table of Contents ;
---------------------
  1. Legal Notice
  2. Analysis & Synthesis Summary
  3. Analysis & Synthesis Settings
  4. Parallel Compilation
  5. Analysis & Synthesis Messages



----------------
; Legal Notice ;
----------------
Copyright (C) 1991-2012 Altera Corporation
Your use of Altera Corporation's design tools, logic functions 
and other software and tools, and its AMPP partner logic 
functions, and any output files from any of the foregoing 
(including device programming or simulation files), and any 
associated documentation or information are expressly subject 
to the terms and conditions of the Altera Program License 
Subscription Agreement, Altera MegaCore Function License 
Agreement, or other applicable license agreement, including, 
without limitation, that your use is for the sole purpose of 
programming logic devices manufactured by Altera and sold by 
Altera or its authorized distributors.  Please refer to the 
applicable agreement for further details.



+-------------------------------------------------------------------------------+
; Analysis & Synthesis Summary                                                  ;
+------------------------------------+------------------------------------------+
; Analysis & Synthesis Status        ; Failed - Mon Jan 07 21:00:00 2013        ;
; Quartus II 64-Bit Version          ; 12.1 Build 177 11/07/2012 SJ Web Edition ;
; Revision Name                      ; de0_debounce                             ;
; Top-level Entity Name              ; de0_debounce                             ;
; Family                             ; Cyclone III                              ;
; Total logic elements               ; N/A until Partition Merge                ;
;     Total combinational functions  ; N/A until Partition Merge                ;
;     Dedicated logic registers      ; N/A until Partition Merge                ;
; Total registers                    ; N/A until Partition Merge                ;
; Total pins                         ; N/A until Partition Merge                ;
; Total virtual pins                 ; N/A until Partition Merge                ;
; Total memory bits                  ; N/A until Partition Merge                ;
; Embedded Multiplier 9-bit elements ; N/A until Partition Merge                ;
; Total PLLs                         ; N/A until Partition Merge                ;
+------------------------------------+------------------------------------------+


+----------------------------------------------------------------------------------------------------------------------+
; Analysis & Synthesis Settings                                                                                        ;
+----------------------------------------------------------------------------+--------------------+--------------------+
; Option                                                                     ; Setting            ; Default Value      ;
+----------------------------------------------------------------------------+--------------------+--------------------+
; Device                                                                     ; EP3C16F484C6       ;                    ;
; Top-level entity name                                                      ; de0_debounce       ; de0_debounce       ;
; Family name                                                                ; Cyclone III        ; Cyclone IV GX      ;
; Use smart compilation                                                      ; Off                ; Off                ;
; Enable parallel Assembler and TimeQuest Timing Analyzer during compilation ; On                 ; On                 ;
; Enable compact report table                                                ; Off                ; Off                ;
; Restructure Multiplexers                                                   ; Auto               ; Auto               ;
; Create Debugging Nodes for IP Cores                                        ; Off                ; Off                ;
; Preserve fewer node names                                                  ; On                 ; On                 ;
; Disable OpenCore Plus hardware evaluation                                  ; Off                ; Off                ;
; Verilog Version                                                            ; Verilog_2001       ; Verilog_2001       ;
; VHDL Version                                                               ; VHDL_1993          ; VHDL_1993          ;
; State Machine Processing                                                   ; Auto               ; Auto               ;
; Safe State Machine                                                         ; Off                ; Off                ;
; Extract Verilog State Machines                                             ; On                 ; On                 ;
; Extract VHDL State Machines                                                ; On                 ; On                 ;
; Ignore Verilog initial constructs                                          ; Off                ; Off                ;
; Iteration limit for constant Verilog loops                                 ; 5000               ; 5000               ;
; Iteration limit for non-constant Verilog loops                             ; 250                ; 250                ;
; Add Pass-Through Logic to Inferred RAMs                                    ; On                 ; On                 ;
; Infer RAMs from Raw Logic                                                  ; On                 ; On                 ;
; Parallel Synthesis                                                         ; On                 ; On                 ;
; DSP Block Balancing                                                        ; Auto               ; Auto               ;
; NOT Gate Push-Back                                                         ; On                 ; On                 ;
; Power-Up Don't Care                                                        ; On                 ; On                 ;
; Remove Redundant Logic Cells                                               ; Off                ; Off                ;
; Remove Duplicate Registers                                                 ; On                 ; On                 ;
; Ignore CARRY Buffers                                                       ; Off                ; Off                ;
; Ignore CASCADE Buffers                                                     ; Off                ; Off                ;
; Ignore GLOBAL Buffers                                                      ; Off                ; Off                ;
; Ignore ROW GLOBAL Buffers                                                  ; Off                ; Off                ;
; Ignore LCELL Buffers                                                       ; Off                ; Off                ;
; Ignore SOFT Buffers                                                        ; On                 ; On                 ;
; Limit AHDL Integers to 32 Bits                                             ; Off                ; Off                ;
; Optimization Technique                                                     ; Balanced           ; Balanced           ;
; Carry Chain Length                                                         ; 70                 ; 70                 ;
; Auto Carry Chains                                                          ; On                 ; On                 ;
; Auto Open-Drain Pins                                                       ; On                 ; On                 ;
; Perform WYSIWYG Primitive Resynthesis                                      ; Off                ; Off                ;
; Auto ROM Replacement                                                       ; On                 ; On                 ;
; Auto RAM Replacement                                                       ; On                 ; On                 ;
; Auto DSP Block Replacement                                                 ; On                 ; On                 ;
; Auto Shift Register Replacement                                            ; Auto               ; Auto               ;
; Allow Shift Register Merging across Hierarchies                            ; Auto               ; Auto               ;
; Auto Clock Enable Replacement                                              ; On                 ; On                 ;
; Strict RAM Replacement                                                     ; Off                ; Off                ;
; Allow Synchronous Control Signals                                          ; On                 ; On                 ;
; Force Use of Synchronous Clear Signals                                     ; Off                ; Off                ;
; Auto RAM Block Balancing                                                   ; On                 ; On                 ;
; Auto RAM to Logic Cell Conversion                                          ; Off                ; Off                ;
; Auto Resource Sharing                                                      ; Off                ; Off                ;
; Allow Any RAM Size For Recognition                                         ; Off                ; Off                ;
; Allow Any ROM Size For Recognition                                         ; Off                ; Off                ;
; Allow Any Shift Register Size For Recognition                              ; Off                ; Off                ;
; Use LogicLock Constraints during Resource Balancing                        ; On                 ; On                 ;
; Ignore translate_off and synthesis_off directives                          ; Off                ; Off                ;
; Timing-Driven Synthesis                                                    ; On                 ; On                 ;
; Report Parameter Settings                                                  ; On                 ; On                 ;
; Report Source Assignments                                                  ; On                 ; On                 ;
; Report Connectivity Checks                                                 ; On                 ; On                 ;
; Ignore Maximum Fan-Out Assignments                                         ; Off                ; Off                ;
; Synchronization Register Chain Length                                      ; 2                  ; 2                  ;
; PowerPlay Power Optimization                                               ; Normal compilation ; Normal compilation ;
; HDL message level                                                          ; Level2             ; Level2             ;
; Suppress Register Optimization Related Messages                            ; Off                ; Off                ;
; Number of Removed Registers Reported in Synthesis Report                   ; 5000               ; 5000               ;
; Number of Swept Nodes Reported in Synthesis Report                         ; 5000               ; 5000               ;
; Number of Inverted Registers Reported in Synthesis Report                  ; 100                ; 100                ;
; Clock MUX Protection                                                       ; On                 ; On                 ;
; Auto Gated Clock Conversion                                                ; Off                ; Off                ;
; Block Design Naming                                                        ; Auto               ; Auto               ;
; SDC constraint protection                                                  ; Off                ; Off                ;
; Synthesis Effort                                                           ; Auto               ; Auto               ;
; Shift Register Replacement - Allow Asynchronous Clear Signal               ; On                 ; On                 ;
; Pre-Mapping Resynthesis Optimization                                       ; Off                ; Off                ;
; Analysis & Synthesis Message Level                                         ; Medium             ; Medium             ;
; Disable Register Merging Across Hierarchies                                ; Auto               ; Auto               ;
; Resource Aware Inference For Block RAM                                     ; On                 ; On                 ;
; Synthesis Seed                                                             ; 1                  ; 1                  ;
+----------------------------------------------------------------------------+--------------------+--------------------+


+------------------------------------------+
; Parallel Compilation                     ;
+----------------------------+-------------+
; Processors                 ; Number      ;
+----------------------------+-------------+
; Number detected on machine ; 8           ;
; Maximum allowed            ; 8           ;
;                            ;             ;
; Average used               ; 1.00        ;
; Maximum used               ; 1           ;
;                            ;             ;
; Usage by Processor         ; % Time Used ;
;     1 processor            ; 100.0%      ;
;     2-8 processors         ;   0.0%      ;
+----------------------------+-------------+


+-------------------------------+
; Analysis & Synthesis Messages ;
+-------------------------------+
Info: *******************************************************************
Info: Running Quartus II 64-Bit Analysis & Synthesis
    Info: Version 12.1 Build 177 11/07/2012 SJ Web Edition
    Info: Processing started: Mon Jan 07 20:59:59 2013
Info: Command: quartus_map --read_settings_files=on --write_settings_files=off de0_debounce -c de0_debounce
Info (20030): Parallel compilation is enabled and will use 8 of the 8 processors detected
Info (12021): Found 2 design units, including 1 entities, in source file de0_debounce.vhd
    Info (12022): Found design unit 1: de0_debounce-RTL
    Info (12023): Found entity 1: de0_debounce
Info (12021): Found 2 design units, including 1 entities, in source file de0_debouncer.vhd
    Info (12022): Found design unit 1: de0_debouncer-RTL
    Info (12023): Found entity 1: de0_Debouncer
Info (12021): Found 2 design units, including 1 entities, in source file buttondebounce.vhd
    Info (12022): Found design unit 1: buttonDebounce-RTL
    Info (12023): Found entity 1: buttonDebounce
Info (12021): Found 2 design units, including 1 entities, in source file seg7/seg7_4.vhd
    Info (12022): Found design unit 1: seg7_4-behavior
    Info (12023): Found entity 1: seg7_4
Info (12021): Found 2 design units, including 1 entities, in source file seg7/seg7.vhd
    Info (12022): Found design unit 1: seg7-behavior
    Info (12023): Found entity 1: seg7
Info (12127): Elaborating entity "de0_debounce" for the top level hierarchy
Warning (10631): VHDL Process Statement warning at de0_debounce.vhd(61): inferring latch(es) for signal or variable "count", which holds its previous value in one or more paths through the process
Error (10818): Can't infer register for "count_reg[0]" at de0_debounce.vhd(68) because it does not hold its value outside the clock edge File: A:/GitHub/School/de0_debounce/de0_debounce.vhd Line: 68
Info (10041): Inferred latch for "count_reg[0]" at de0_debounce.vhd(61)
Error (10818): Can't infer register for "count_reg[1]" at de0_debounce.vhd(68) because it does not hold its value outside the clock edge File: A:/GitHub/School/de0_debounce/de0_debounce.vhd Line: 68
Info (10041): Inferred latch for "count_reg[1]" at de0_debounce.vhd(61)
Error (10818): Can't infer register for "count_reg[2]" at de0_debounce.vhd(68) because it does not hold its value outside the clock edge File: A:/GitHub/School/de0_debounce/de0_debounce.vhd Line: 68
Info (10041): Inferred latch for "count_reg[2]" at de0_debounce.vhd(61)
Error (10818): Can't infer register for "count_reg[3]" at de0_debounce.vhd(68) because it does not hold its value outside the clock edge File: A:/GitHub/School/de0_debounce/de0_debounce.vhd Line: 68
Info (10041): Inferred latch for "count_reg[3]" at de0_debounce.vhd(61)
Error (10818): Can't infer register for "count_reg[4]" at de0_debounce.vhd(68) because it does not hold its value outside the clock edge File: A:/GitHub/School/de0_debounce/de0_debounce.vhd Line: 68
Info (10041): Inferred latch for "count_reg[4]" at de0_debounce.vhd(61)
Error (10818): Can't infer register for "count_reg[5]" at de0_debounce.vhd(68) because it does not hold its value outside the clock edge File: A:/GitHub/School/de0_debounce/de0_debounce.vhd Line: 68
Info (10041): Inferred latch for "count_reg[5]" at de0_debounce.vhd(61)
Error (10818): Can't infer register for "count_reg[6]" at de0_debounce.vhd(68) because it does not hold its value outside the clock edge File: A:/GitHub/School/de0_debounce/de0_debounce.vhd Line: 68
Info (10041): Inferred latch for "count_reg[6]" at de0_debounce.vhd(61)
Error (10818): Can't infer register for "count_reg[7]" at de0_debounce.vhd(68) because it does not hold its value outside the clock edge File: A:/GitHub/School/de0_debounce/de0_debounce.vhd Line: 68
Info (10041): Inferred latch for "count_reg[7]" at de0_debounce.vhd(61)
Error (10818): Can't infer register for "count_reg[8]" at de0_debounce.vhd(68) because it does not hold its value outside the clock edge File: A:/GitHub/School/de0_debounce/de0_debounce.vhd Line: 68
Info (10041): Inferred latch for "count_reg[8]" at de0_debounce.vhd(61)
Error (10818): Can't infer register for "count_reg[9]" at de0_debounce.vhd(68) because it does not hold its value outside the clock edge File: A:/GitHub/School/de0_debounce/de0_debounce.vhd Line: 68
Info (10041): Inferred latch for "count_reg[9]" at de0_debounce.vhd(61)
Error (10818): Can't infer register for "count_reg[10]" at de0_debounce.vhd(68) because it does not hold its value outside the clock edge File: A:/GitHub/School/de0_debounce/de0_debounce.vhd Line: 68
Info (10041): Inferred latch for "count_reg[10]" at de0_debounce.vhd(61)
Error (10818): Can't infer register for "count_reg[11]" at de0_debounce.vhd(68) because it does not hold its value outside the clock edge File: A:/GitHub/School/de0_debounce/de0_debounce.vhd Line: 68
Info (10041): Inferred latch for "count_reg[11]" at de0_debounce.vhd(61)
Error (10818): Can't infer register for "count_reg[12]" at de0_debounce.vhd(68) because it does not hold its value outside the clock edge File: A:/GitHub/School/de0_debounce/de0_debounce.vhd Line: 68
Info (10041): Inferred latch for "count_reg[12]" at de0_debounce.vhd(61)
Error (10818): Can't infer register for "count_reg[13]" at de0_debounce.vhd(68) because it does not hold its value outside the clock edge File: A:/GitHub/School/de0_debounce/de0_debounce.vhd Line: 68
Info (10041): Inferred latch for "count_reg[13]" at de0_debounce.vhd(61)
Error (10818): Can't infer register for "count_reg[14]" at de0_debounce.vhd(68) because it does not hold its value outside the clock edge File: A:/GitHub/School/de0_debounce/de0_debounce.vhd Line: 68
Info (10041): Inferred latch for "count_reg[14]" at de0_debounce.vhd(61)
Error (10818): Can't infer register for "count_reg[15]" at de0_debounce.vhd(68) because it does not hold its value outside the clock edge File: A:/GitHub/School/de0_debounce/de0_debounce.vhd Line: 68
Info (10041): Inferred latch for "count_reg[15]" at de0_debounce.vhd(61)
Info (10041): Inferred latch for "count[0]" at de0_debounce.vhd(61)
Info (10041): Inferred latch for "count[1]" at de0_debounce.vhd(61)
Info (10041): Inferred latch for "count[2]" at de0_debounce.vhd(61)
Info (10041): Inferred latch for "count[3]" at de0_debounce.vhd(61)
Info (10041): Inferred latch for "count[4]" at de0_debounce.vhd(61)
Info (10041): Inferred latch for "count[5]" at de0_debounce.vhd(61)
Info (10041): Inferred latch for "count[6]" at de0_debounce.vhd(61)
Info (10041): Inferred latch for "count[7]" at de0_debounce.vhd(61)
Info (10041): Inferred latch for "count[8]" at de0_debounce.vhd(61)
Info (10041): Inferred latch for "count[9]" at de0_debounce.vhd(61)
Info (10041): Inferred latch for "count[10]" at de0_debounce.vhd(61)
Info (10041): Inferred latch for "count[11]" at de0_debounce.vhd(61)
Info (10041): Inferred latch for "count[12]" at de0_debounce.vhd(61)
Info (10041): Inferred latch for "count[13]" at de0_debounce.vhd(61)
Info (10041): Inferred latch for "count[14]" at de0_debounce.vhd(61)
Info (10041): Inferred latch for "count[15]" at de0_debounce.vhd(61)
Error (10822): HDL error at de0_debounce.vhd(68): couldn't implement registers for assignments on this clock edge File: A:/GitHub/School/de0_debounce/de0_debounce.vhd Line: 68
Error (10028): Can't resolve multiple constant drivers for net "count[15]" at de0_debounce.vhd(76) File: A:/GitHub/School/de0_debounce/de0_debounce.vhd Line: 76
Error (10029): Constant driver at de0_debounce.vhd(61) File: A:/GitHub/School/de0_debounce/de0_debounce.vhd Line: 61
Error (12153): Can't elaborate top-level user hierarchy
Error: Quartus II 64-Bit Analysis & Synthesis was unsuccessful. 20 errors, 1 warning
    Error: Peak virtual memory: 473 megabytes
    Error: Processing ended: Mon Jan 07 21:00:00 2013
    Error: Elapsed time: 00:00:01
    Error: Total CPU time (on all processors): 00:00:01


